{"/home/travis/build/npmtest/node-npmtest-csv-parse/test.js":{"path":"/home/travis/build/npmtest/node-npmtest-csv-parse/test.js","s":{"1":2,"2":2,"3":2,"4":2,"5":2,"6":2,"7":2,"8":1,"9":2,"10":2,"11":1,"12":1,"13":1,"14":1,"15":2,"16":2,"17":2,"18":2,"19":1,"20":1,"21":2,"22":2,"23":2,"24":1,"25":1,"26":1,"27":1,"28":1,"29":1,"30":1,"31":1,"32":1,"33":1,"34":1,"35":1,"36":1,"37":1,"38":1,"39":2,"40":2,"41":1,"42":2,"43":2,"44":1,"45":2,"46":2,"47":1,"48":2,"49":2,"50":1,"51":1,"52":1,"53":1,"54":1},"b":{"1":[2,1,1,1],"2":[1,1,1,1],"3":[1,1],"4":[1,1],"5":[1,1],"6":[1,1],"7":[1,1],"8":[1,1],"9":[1,1],"10":[1,1,1],"11":[1,1],"12":[1,1],"13":[1,1],"14":[1,1],"15":[1,1],"16":[1,1],"17":[1,1]},"f":{"1":2,"2":2,"3":2,"4":2,"5":2,"6":1,"7":1,"8":1,"9":2,"10":2,"11":2,"12":2,"13":1},"fnMap":{"1":{"name":"(anonymous_1)","line":12,"loc":{"start":{"line":12,"column":1},"end":{"line":12,"column":13}}},"2":{"name":"(anonymous_2)","line":19,"loc":{"start":{"line":19,"column":5},"end":{"line":19,"column":17}}},"3":{"name":"(anonymous_3)","line":23,"loc":{"start":{"line":23,"column":24},"end":{"line":23,"column":36}}},"4":{"name":"(anonymous_4)","line":61,"loc":{"start":{"line":61,"column":5},"end":{"line":61,"column":17}}},"5":{"name":"(anonymous_5)","line":82,"loc":{"start":{"line":82,"column":5},"end":{"line":82,"column":17}}},"6":{"name":"(anonymous_6)","line":91,"loc":{"start":{"line":91,"column":77},"end":{"line":94,"column":10}}},"7":{"name":"(anonymous_7)","line":112,"loc":{"start":{"line":112,"column":83},"end":{"line":115,"column":10}},"skip":true},"8":{"name":"(anonymous_8)","line":123,"loc":{"start":{"line":123,"column":77},"end":{"line":126,"column":10}},"skip":true},"9":{"name":"(anonymous_9)","line":139,"loc":{"start":{"line":139,"column":12},"end":{"line":139,"column":40}},"skip":true},"10":{"name":"(anonymous_10)","line":147,"loc":{"start":{"line":147,"column":77},"end":{"line":150,"column":10}},"skip":true},"11":{"name":"(anonymous_11)","line":158,"loc":{"start":{"line":158,"column":83},"end":{"line":161,"column":10}},"skip":true},"12":{"name":"(anonymous_12)","line":169,"loc":{"start":{"line":169,"column":79},"end":{"line":172,"column":10}},"skip":true},"13":{"name":"(anonymous_13)","line":180,"loc":{"start":{"line":180,"column":75},"end":{"line":183,"column":10}},"skip":true}},"statementMap":{"1":{"start":{"line":12,"column":0},"end":{"line":195,"column":5}},"2":{"start":{"line":14,"column":4},"end":{"line":14,"column":14}},"3":{"start":{"line":19,"column":4},"end":{"line":56,"column":9}},"4":{"start":{"line":21,"column":8},"end":{"line":21,"column":19}},"5":{"start":{"line":23,"column":8},"end":{"line":35,"column":13}},"6":{"start":{"line":24,"column":12},"end":{"line":34,"column":13}},"7":{"start":{"line":25,"column":16},"end":{"line":28,"column":30}},"8":{"start":{"line":30,"column":16},"end":{"line":33,"column":27}},"9":{"start":{"line":37,"column":8},"end":{"line":39,"column":21}},"10":{"start":{"line":40,"column":8},"end":{"line":53,"column":9}},"11":{"start":{"line":43,"column":12},"end":{"line":46,"column":14}},"12":{"start":{"line":47,"column":12},"end":{"line":47,"column":18}},"13":{"start":{"line":50,"column":12},"end":{"line":51,"column":46}},"14":{"start":{"line":52,"column":12},"end":{"line":52,"column":18}},"15":{"start":{"line":55,"column":8},"end":{"line":55,"column":35}},"16":{"start":{"line":61,"column":4},"end":{"line":63,"column":9}},"17":{"start":{"line":62,"column":8},"end":{"line":62,"column":15}},"18":{"start":{"line":64,"column":4},"end":{"line":77,"column":5}},"19":{"start":{"line":70,"column":8},"end":{"line":70,"column":14}},"20":{"start":{"line":76,"column":8},"end":{"line":76,"column":14}},"21":{"start":{"line":82,"column":4},"end":{"line":84,"column":9}},"22":{"start":{"line":83,"column":8},"end":{"line":83,"column":15}},"23":{"start":{"line":85,"column":4},"end":{"line":194,"column":5}},"24":{"start":{"line":91,"column":8},"end":{"line":99,"column":10}},"25":{"start":{"line":98,"column":12},"end":{"line":98,"column":35}},"26":{"start":{"line":102,"column":8},"end":{"line":104,"column":63}},"27":{"start":{"line":105,"column":8},"end":{"line":105,"column":14}},"28":{"start":{"line":112,"column":8},"end":{"line":121,"column":10},"skip":true},"29":{"start":{"line":119,"column":12},"end":{"line":119,"column":55},"skip":true},"30":{"start":{"line":120,"column":12},"end":{"line":120,"column":48},"skip":true},"31":{"start":{"line":123,"column":8},"end":{"line":136,"column":10},"skip":true},"32":{"start":{"line":130,"column":12},"end":{"line":130,"column":76},"skip":true},"33":{"start":{"line":131,"column":12},"end":{"line":131,"column":73},"skip":true},"34":{"start":{"line":132,"column":12},"end":{"line":132,"column":74},"skip":true},"35":{"start":{"line":133,"column":12},"end":{"line":133,"column":79},"skip":true},"36":{"start":{"line":134,"column":12},"end":{"line":134,"column":25},"skip":true},"37":{"start":{"line":135,"column":12},"end":{"line":135,"column":45},"skip":true},"38":{"start":{"line":138,"column":8},"end":{"line":145,"column":14},"skip":true},"39":{"start":{"line":143,"column":16},"end":{"line":143,"column":29},"skip":true},"40":{"start":{"line":144,"column":16},"end":{"line":144,"column":55},"skip":true},"41":{"start":{"line":147,"column":8},"end":{"line":156,"column":10},"skip":true},"42":{"start":{"line":154,"column":12},"end":{"line":154,"column":25},"skip":true},"43":{"start":{"line":155,"column":12},"end":{"line":155,"column":45},"skip":true},"44":{"start":{"line":158,"column":8},"end":{"line":167,"column":10},"skip":true},"45":{"start":{"line":165,"column":12},"end":{"line":165,"column":25},"skip":true},"46":{"start":{"line":166,"column":12},"end":{"line":166,"column":48},"skip":true},"47":{"start":{"line":169,"column":8},"end":{"line":178,"column":10},"skip":true},"48":{"start":{"line":176,"column":12},"end":{"line":176,"column":25},"skip":true},"49":{"start":{"line":177,"column":12},"end":{"line":177,"column":46},"skip":true},"50":{"start":{"line":180,"column":8},"end":{"line":189,"column":10},"skip":true},"51":{"start":{"line":187,"column":12},"end":{"line":187,"column":94},"skip":true},"52":{"start":{"line":188,"column":12},"end":{"line":188,"column":48},"skip":true},"53":{"start":{"line":192,"column":8},"end":{"line":192,"column":35},"skip":true},"54":{"start":{"line":193,"column":8},"end":{"line":193,"column":14},"skip":true}},"branchMap":{"1":{"line":25,"type":"binary-expr","locations":[{"start":{"line":25,"column":23},"end":{"line":25,"column":62}},{"start":{"line":26,"column":20},"end":{"line":26,"column":70}},{"start":{"line":27,"column":20},"end":{"line":27,"column":71}},{"start":{"line":28,"column":20},"end":{"line":28,"column":29}}]},"2":{"line":30,"type":"binary-expr","locations":[{"start":{"line":30,"column":23},"end":{"line":30,"column":37}},{"start":{"line":31,"column":20},"end":{"line":31,"column":61}},{"start":{"line":32,"column":20},"end":{"line":32,"column":70}},{"start":{"line":33,"column":20},"end":{"line":33,"column":26}}]},"3":{"line":37,"type":"cond-expr","locations":[{"start":{"line":38,"column":14},"end":{"line":38,"column":20}},{"start":{"line":39,"column":14},"end":{"line":39,"column":20}}]},"4":{"line":40,"type":"switch","locations":[{"start":{"line":42,"column":8},"end":{"line":47,"column":18}},{"start":{"line":49,"column":8},"end":{"line":52,"column":18}}]},"5":{"line":44,"type":"binary-expr","locations":[{"start":{"line":44,"column":16},"end":{"line":44,"column":44}},{"start":{"line":44,"column":48},"end":{"line":44,"column":66}}]},"6":{"line":50,"type":"binary-expr","locations":[{"start":{"line":50,"column":21},"end":{"line":50,"column":49}},{"start":{"line":50,"column":53},"end":{"line":50,"column":72}}]},"7":{"line":64,"type":"switch","locations":[{"start":{"line":69,"column":4},"end":{"line":70,"column":14}},{"start":{"line":75,"column":4},"end":{"line":76,"column":14}}]},"8":{"line":85,"type":"switch","locations":[{"start":{"line":90,"column":4},"end":{"line":105,"column":14}},{"start":{"line":111,"column":4},"end":{"line":193,"column":14},"skip":true}]},"9":{"line":91,"type":"binary-expr","locations":[{"start":{"line":91,"column":42},"end":{"line":91,"column":73}},{"start":{"line":91,"column":77},"end":{"line":99,"column":9}}]},"10":{"line":102,"type":"binary-expr","locations":[{"start":{"line":102,"column":18},"end":{"line":102,"column":32}},{"start":{"line":103,"column":12},"end":{"line":103,"column":53}},{"start":{"line":104,"column":12},"end":{"line":104,"column":61}}]},"11":{"line":112,"type":"binary-expr","locations":[{"start":{"line":112,"column":45},"end":{"line":112,"column":79},"skip":true},{"start":{"line":112,"column":83},"end":{"line":121,"column":9},"skip":true}]},"12":{"line":123,"type":"binary-expr","locations":[{"start":{"line":123,"column":42},"end":{"line":123,"column":73},"skip":true},{"start":{"line":123,"column":77},"end":{"line":136,"column":9},"skip":true}]},"13":{"line":138,"type":"binary-expr","locations":[{"start":{"line":138,"column":48},"end":{"line":138,"column":85},"skip":true},{"start":{"line":139,"column":12},"end":{"line":145,"column":13},"skip":true}]},"14":{"line":147,"type":"binary-expr","locations":[{"start":{"line":147,"column":42},"end":{"line":147,"column":73},"skip":true},{"start":{"line":147,"column":77},"end":{"line":156,"column":9},"skip":true}]},"15":{"line":158,"type":"binary-expr","locations":[{"start":{"line":158,"column":45},"end":{"line":158,"column":79},"skip":true},{"start":{"line":158,"column":83},"end":{"line":167,"column":9},"skip":true}]},"16":{"line":169,"type":"binary-expr","locations":[{"start":{"line":169,"column":43},"end":{"line":169,"column":75},"skip":true},{"start":{"line":169,"column":79},"end":{"line":178,"column":9},"skip":true}]},"17":{"line":180,"type":"binary-expr","locations":[{"start":{"line":180,"column":41},"end":{"line":180,"column":71},"skip":true},{"start":{"line":180,"column":75},"end":{"line":189,"column":9},"skip":true}]}},"code":["/* istanbul instrument in package npmtest_csv_parse */","/*jslint","    bitwise: true,","    browser: true,","    maxerr: 8,","    maxlen: 96,","    node: true,","    nomen: true,","    regexp: true,","    stupid: true","*/","(function () {","    'use strict';","    var local;","","","","    // run shared js-env code - pre-init","    (function () {","        // init local","        local = {};","        // init modeJs","        local.modeJs = (function () {","            try {","                return typeof navigator.userAgent === 'string' &&","                    typeof document.querySelector('body') === 'object' &&","                    typeof XMLHttpRequest.prototype.open === 'function' &&","                    'browser';","            } catch (errorCaughtBrowser) {","                return module.exports &&","                    typeof process.versions.node === 'string' &&","                    typeof require('http').createServer === 'function' &&","                    'node';","            }","        }());","        // init global","        local.global = local.modeJs === 'browser'","            ? window","            : global;","        switch (local.modeJs) {","        // re-init local from window.local","        case 'browser':","            local = local.global.utility2.objectSetDefault(","                local.global.utility2_rollup || local.global.local,","                local.global.utility2","            );","            break;","        // re-init local from example.js","        case 'node':","            local = (local.global.utility2_rollup || require('utility2'))","                .requireExampleJsFromReadme();","            break;","        }","        // export local","        local.global.local = local;","    }());","","","","    // run shared js-env code - function","    (function () {","        return;","    }());","    switch (local.modeJs) {","","","","    // run browser js-env code - function","    case 'browser':","        break;","","","","    // run node js-env code - function","    case 'node':","        break;","    }","","","","    // run shared js-env code - post-init","    (function () {","        return;","    }());","    switch (local.modeJs) {","","","","    // run browser js-env code - post-init","    case 'browser':","        local.testCase_browser_nullCase = local.testCase_browser_nullCase || function (","            options,","            onError","        ) {","        /*","         * this function will test browsers's null-case handling-behavior-behavior","         */","            onError(null, options);","        };","","        // run tests","        local.nop(local.modeTest &&","            document.querySelector('#testRunButton1') &&","            document.querySelector('#testRunButton1').click());","        break;","","","","    // run node js-env code - post-init","    /* istanbul ignore next */","    case 'node':","        local.testCase_buildApidoc_default = local.testCase_buildApidoc_default || function (","            options,","            onError","        ) {","        /*","         * this function will test buildApidoc's default handling-behavior-behavior","         */","            options = { modulePathList: module.paths };","            local.buildApidoc(options, onError);","        };","","        local.testCase_buildApp_default = local.testCase_buildApp_default || function (","            options,","            onError","        ) {","        /*","         * this function will test buildApp's default handling-behavior-behavior","         */","            local.testCase_buildReadme_default(options, local.onErrorThrow);","            local.testCase_buildLib_default(options, local.onErrorThrow);","            local.testCase_buildTest_default(options, local.onErrorThrow);","            local.testCase_buildCustomOrg_default(options, local.onErrorThrow);","            options = [];","            local.buildApp(options, onError);","        };","","        local.testCase_buildCustomOrg_default = local.testCase_buildCustomOrg_default ||","            function (options, onError) {","            /*","             * this function will test buildCustomOrg's default handling-behavior","             */","                options = {};","                local.buildCustomOrg(options, onError);","            };","","        local.testCase_buildLib_default = local.testCase_buildLib_default || function (","            options,","            onError","        ) {","        /*","         * this function will test buildLib's default handling-behavior","         */","            options = {};","            local.buildLib(options, onError);","        };","","        local.testCase_buildReadme_default = local.testCase_buildReadme_default || function (","            options,","            onError","        ) {","        /*","         * this function will test buildReadme's default handling-behavior-behavior","         */","            options = {};","            local.buildReadme(options, onError);","        };","","        local.testCase_buildTest_default = local.testCase_buildTest_default || function (","            options,","            onError","        ) {","        /*","         * this function will test buildTest's default handling-behavior","         */","            options = {};","            local.buildTest(options, onError);","        };","","        local.testCase_webpage_default = local.testCase_webpage_default || function (","            options,","            onError","        ) {","        /*","         * this function will test webpage's default handling-behavior","         */","            options = { modeCoverageMerge: true, url: local.serverLocalHost + '?modeTest=1' };","            local.browserTest(options, onError);","        };","","        // run test-server","        local.testRunServer(local);","        break;","    }","}());",""],"l":{"12":2,"14":2,"19":2,"21":2,"23":2,"24":2,"25":2,"30":1,"37":2,"40":2,"43":1,"47":1,"50":1,"52":1,"55":2,"61":2,"62":2,"64":2,"70":1,"76":1,"82":2,"83":2,"85":2,"91":1,"98":1,"102":1,"105":1,"112":1,"119":1,"120":1,"123":1,"130":1,"131":1,"132":1,"133":1,"134":1,"135":1,"138":1,"143":2,"144":2,"147":1,"154":2,"155":2,"158":1,"165":2,"166":2,"169":1,"176":2,"177":2,"180":1,"187":1,"188":1,"192":1,"193":1}},"/home/travis/build/npmtest/node-npmtest-csv-parse/lib.npmtest_csv_parse.js":{"path":"/home/travis/build/npmtest/node-npmtest-csv-parse/lib.npmtest_csv_parse.js","s":{"1":2,"2":2,"3":2,"4":2,"5":2,"6":2,"7":2,"8":1,"9":2,"10":2,"11":2,"12":2,"13":1,"14":1,"15":1,"16":1},"b":{"1":[2,1,1,1],"2":[1,1,1,1],"3":[1,1],"4":[2,2],"5":[1,1]},"f":{"1":2,"2":2,"3":2},"fnMap":{"1":{"name":"(anonymous_1)","line":12,"loc":{"start":{"line":12,"column":1},"end":{"line":12,"column":13}}},"2":{"name":"(anonymous_2)","line":19,"loc":{"start":{"line":19,"column":5},"end":{"line":19,"column":17}}},"3":{"name":"(anonymous_3)","line":23,"loc":{"start":{"line":23,"column":24},"end":{"line":23,"column":36}}}},"statementMap":{"1":{"start":{"line":12,"column":0},"end":{"line":53,"column":5}},"2":{"start":{"line":14,"column":4},"end":{"line":14,"column":14}},"3":{"start":{"line":19,"column":4},"end":{"line":52,"column":9}},"4":{"start":{"line":21,"column":8},"end":{"line":21,"column":19}},"5":{"start":{"line":23,"column":8},"end":{"line":35,"column":13}},"6":{"start":{"line":24,"column":12},"end":{"line":34,"column":13}},"7":{"start":{"line":25,"column":16},"end":{"line":28,"column":30}},"8":{"start":{"line":30,"column":16},"end":{"line":33,"column":27}},"9":{"start":{"line":37,"column":8},"end":{"line":39,"column":21}},"10":{"start":{"line":41,"column":8},"end":{"line":41,"column":54}},"11":{"start":{"line":43,"column":8},"end":{"line":43,"column":54}},"12":{"start":{"line":45,"column":8},"end":{"line":51,"column":9}},"13":{"start":{"line":46,"column":12},"end":{"line":46,"column":60}},"14":{"start":{"line":48,"column":12},"end":{"line":48,"column":35}},"15":{"start":{"line":49,"column":12},"end":{"line":49,"column":49}},"16":{"start":{"line":50,"column":12},"end":{"line":50,"column":43}}},"branchMap":{"1":{"line":25,"type":"binary-expr","locations":[{"start":{"line":25,"column":23},"end":{"line":25,"column":62}},{"start":{"line":26,"column":20},"end":{"line":26,"column":70}},{"start":{"line":27,"column":20},"end":{"line":27,"column":71}},{"start":{"line":28,"column":20},"end":{"line":28,"column":29}}]},"2":{"line":30,"type":"binary-expr","locations":[{"start":{"line":30,"column":23},"end":{"line":30,"column":37}},{"start":{"line":31,"column":20},"end":{"line":31,"column":61}},{"start":{"line":32,"column":20},"end":{"line":32,"column":70}},{"start":{"line":33,"column":20},"end":{"line":33,"column":26}}]},"3":{"line":37,"type":"cond-expr","locations":[{"start":{"line":38,"column":14},"end":{"line":38,"column":20}},{"start":{"line":39,"column":14},"end":{"line":39,"column":20}}]},"4":{"line":41,"type":"binary-expr","locations":[{"start":{"line":41,"column":16},"end":{"line":41,"column":44}},{"start":{"line":41,"column":48},"end":{"line":41,"column":53}}]},"5":{"line":45,"type":"if","locations":[{"start":{"line":45,"column":8},"end":{"line":45,"column":8}},{"start":{"line":45,"column":8},"end":{"line":45,"column":8}}]}},"code":["/* istanbul instrument in package npmtest_csv_parse */","/*jslint","    bitwise: true,","    browser: true,","    maxerr: 8,","    maxlen: 96,","    node: true,","    nomen: true,","    regexp: true,","    stupid: true","*/","(function () {","    'use strict';","    var local;","","","","    // run shared js-env code - pre-init","    (function () {","        // init local","        local = {};","        // init modeJs","        local.modeJs = (function () {","            try {","                return typeof navigator.userAgent === 'string' &&","                    typeof document.querySelector('body') === 'object' &&","                    typeof XMLHttpRequest.prototype.open === 'function' &&","                    'browser';","            } catch (errorCaughtBrowser) {","                return module.exports &&","                    typeof process.versions.node === 'string' &&","                    typeof require('http').createServer === 'function' &&","                    'node';","            }","        }());","        // init global","        local.global = local.modeJs === 'browser'","            ? window","            : global;","        // init utility2_rollup","        local = local.global.utility2_rollup || local;","        // init lib","        local.local = local.npmtest_csv_parse = local;","        // init exports","        if (local.modeJs === 'browser') {","            local.global.utility2_npmtest_csv_parse = local;","        } else {","            module.exports = local;","            module.exports.__dirname = __dirname;","            module.exports.module = module;","        }","    }());","}());",""],"l":{"12":2,"14":2,"19":2,"21":2,"23":2,"24":2,"25":2,"30":1,"37":2,"41":2,"43":2,"45":2,"46":1,"48":1,"49":1,"50":1}},"/home/travis/build/npmtest/node-npmtest-csv-parse/example.js":{"path":"/home/travis/build/npmtest/node-npmtest-csv-parse/example.js","s":{"1":2,"2":2,"3":2,"4":2,"5":2,"6":2,"7":2,"8":1,"9":2,"10":2,"11":2,"12":2,"13":1,"14":2,"15":2,"16":2,"17":2,"18":2,"19":0,"20":2,"21":1,"22":1,"23":1,"24":1,"25":1,"26":0,"27":0,"28":1,"29":1,"30":2,"31":0,"32":0,"33":0,"34":1,"35":2,"36":2,"37":3,"38":3,"39":3,"40":3,"41":0,"42":3,"43":3,"44":3,"45":1,"46":3,"47":1,"48":1,"49":1,"50":1,"51":1,"52":1,"53":1,"54":1,"55":1,"56":1,"57":0,"58":1,"59":6,"60":6,"61":1,"62":2,"63":0,"64":2,"65":1,"66":1,"67":0,"68":0,"69":0,"70":0,"71":0,"72":0,"73":0,"74":0,"75":0,"76":0,"77":0,"78":0,"79":0,"80":0,"81":0,"82":0,"83":0},"b":{"1":[2,1,1,1],"2":[1,1,1,1],"3":[1,1],"4":[2,2],"5":[1,1],"6":[1,1],"7":[2,0],"8":[2,1,1,1,1,1],"9":[0,2,0],"10":[1,1],"11":[2,1,1],"12":[1,0],"13":[0,2],"14":[2,0,0,0,0,0,0],"15":[0,3],"16":[3,0],"17":[1,1],"18":[0,1],"19":[1,2,0,2],"20":[1,0],"21":[1,1],"22":[0,0],"23":[0,0],"24":[0,0],"25":[0,0],"26":[0,0],"27":[0,0],"28":[0,0]},"f":{"1":2,"2":2,"3":2,"4":2,"5":2,"6":2,"7":3,"8":3,"9":3,"10":1,"11":6,"12":0},"fnMap":{"1":{"name":"(anonymous_1)","line":26,"loc":{"start":{"line":26,"column":1},"end":{"line":26,"column":13}}},"2":{"name":"(anonymous_2)","line":33,"loc":{"start":{"line":33,"column":5},"end":{"line":33,"column":17}}},"3":{"name":"(anonymous_3)","line":37,"loc":{"start":{"line":37,"column":24},"end":{"line":37,"column":36}}},"4":{"name":"(anonymous_4)","line":69,"loc":{"start":{"line":69,"column":31},"end":{"line":69,"column":48}},"skip":true},"5":{"name":"(anonymous_5)","line":78,"loc":{"start":{"line":78,"column":26},"end":{"line":78,"column":45}},"skip":true},"6":{"name":"(anonymous_6)","line":123,"loc":{"start":{"line":123,"column":33},"end":{"line":123,"column":48}},"skip":true},"7":{"name":"(anonymous_7)","line":125,"loc":{"start":{"line":125,"column":27},"end":{"line":125,"column":39}},"skip":true},"8":{"name":"(anonymous_8)","line":133,"loc":{"start":{"line":133,"column":59},"end":{"line":133,"column":74}},"skip":true},"9":{"name":"(anonymous_9)","line":143,"loc":{"start":{"line":143,"column":45},"end":{"line":143,"column":62}},"skip":true},"10":{"name":"(anonymous_10)","line":144,"loc":{"start":{"line":144,"column":73},"end":{"line":144,"column":92}},"skip":true},"11":{"name":"(anonymous_11)","line":272,"loc":{"start":{"line":272,"column":51},"end":{"line":272,"column":77}},"skip":true},"12":{"name":"(anonymous_12)","line":315,"loc":{"start":{"line":315,"column":32},"end":{"line":315,"column":61}},"skip":true}},"statementMap":{"1":{"start":{"line":26,"column":0},"end":{"line":326,"column":5}},"2":{"start":{"line":28,"column":4},"end":{"line":28,"column":14}},"3":{"start":{"line":33,"column":4},"end":{"line":60,"column":9}},"4":{"start":{"line":35,"column":8},"end":{"line":35,"column":19}},"5":{"start":{"line":37,"column":8},"end":{"line":49,"column":13}},"6":{"start":{"line":38,"column":12},"end":{"line":48,"column":13}},"7":{"start":{"line":39,"column":16},"end":{"line":42,"column":30}},"8":{"start":{"line":44,"column":16},"end":{"line":47,"column":27}},"9":{"start":{"line":51,"column":8},"end":{"line":53,"column":21}},"10":{"start":{"line":55,"column":8},"end":{"line":57,"column":45}},"11":{"start":{"line":59,"column":8},"end":{"line":59,"column":35}},"12":{"start":{"line":61,"column":4},"end":{"line":325,"column":5}},"13":{"start":{"line":69,"column":8},"end":{"line":121,"column":10},"skip":true},"14":{"start":{"line":70,"column":12},"end":{"line":88,"column":13},"skip":true},"15":{"start":{"line":76,"column":16},"end":{"line":87,"column":19},"skip":true},"16":{"start":{"line":79,"column":20},"end":{"line":86,"column":21},"skip":true},"17":{"start":{"line":82,"column":24},"end":{"line":82,"column":43},"skip":true},"18":{"start":{"line":83,"column":24},"end":{"line":83,"column":30},"skip":true},"19":{"start":{"line":85,"column":24},"end":{"line":85,"column":49},"skip":true},"20":{"start":{"line":89,"column":12},"end":{"line":107,"column":13},"skip":true},"21":{"start":{"line":92,"column":16},"end":{"line":102,"column":17},"skip":true},"22":{"start":{"line":93,"column":20},"end":{"line":93,"column":86},"skip":true},"23":{"start":{"line":94,"column":20},"end":{"line":95,"column":45},"skip":true},"24":{"start":{"line":96,"column":20},"end":{"line":96,"column":42},"skip":true},"25":{"start":{"line":97,"column":20},"end":{"line":97,"column":48},"skip":true},"26":{"start":{"line":100,"column":20},"end":{"line":100,"column":85},"skip":true},"27":{"start":{"line":101,"column":20},"end":{"line":101,"column":96},"skip":true},"28":{"start":{"line":103,"column":16},"end":{"line":103,"column":22},"skip":true},"29":{"start":{"line":106,"column":16},"end":{"line":106,"column":22},"skip":true},"30":{"start":{"line":108,"column":12},"end":{"line":120,"column":13},"skip":true},"31":{"start":{"line":114,"column":16},"end":{"line":119,"column":17},"skip":true},"32":{"start":{"line":116,"column":20},"end":{"line":116,"column":78},"skip":true},"33":{"start":{"line":118,"column":20},"end":{"line":118,"column":47},"skip":true},"34":{"start":{"line":123,"column":8},"end":{"line":141,"column":11},"skip":true},"35":{"start":{"line":124,"column":12},"end":{"line":124,"column":54},"skip":true},"36":{"start":{"line":125,"column":12},"end":{"line":140,"column":14},"skip":true},"37":{"start":{"line":126,"column":16},"end":{"line":126,"column":28},"skip":true},"38":{"start":{"line":127,"column":16},"end":{"line":127,"column":69},"skip":true},"39":{"start":{"line":128,"column":16},"end":{"line":128,"column":75},"skip":true},"40":{"start":{"line":129,"column":16},"end":{"line":131,"column":17},"skip":true},"41":{"start":{"line":130,"column":20},"end":{"line":130,"column":27},"skip":true},"42":{"start":{"line":133,"column":16},"end":{"line":137,"column":36},"skip":true},"43":{"start":{"line":134,"column":20},"end":{"line":136,"column":55},"skip":true},"44":{"start":{"line":139,"column":16},"end":{"line":139,"column":57},"skip":true},"45":{"start":{"line":143,"column":8},"end":{"line":147,"column":11},"skip":true},"46":{"start":{"line":144,"column":12},"end":{"line":146,"column":15},"skip":true},"47":{"start":{"line":145,"column":16},"end":{"line":145,"column":70},"skip":true},"48":{"start":{"line":149,"column":8},"end":{"line":149,"column":31},"skip":true},"49":{"start":{"line":150,"column":8},"end":{"line":150,"column":14},"skip":true},"50":{"start":{"line":158,"column":8},"end":{"line":158,"column":31},"skip":true},"51":{"start":{"line":160,"column":8},"end":{"line":160,"column":33},"skip":true},"52":{"start":{"line":161,"column":8},"end":{"line":161,"column":37},"skip":true},"53":{"start":{"line":162,"column":8},"end":{"line":162,"column":35},"skip":true},"54":{"start":{"line":164,"column":8},"end":{"line":164,"column":50},"skip":true},"55":{"start":{"line":166,"column":8},"end":{"line":256,"column":2},"skip":true},"56":{"start":{"line":258,"column":8},"end":{"line":286,"column":9},"skip":true},"57":{"start":{"line":259,"column":12},"end":{"line":269,"column":14},"skip":true},"58":{"start":{"line":271,"column":12},"end":{"line":285,"column":19},"skip":true},"59":{"start":{"line":274,"column":20},"end":{"line":274,"column":35},"skip":true},"60":{"start":{"line":275,"column":20},"end":{"line":284,"column":21},"skip":true},"61":{"start":{"line":277,"column":24},"end":{"line":277,"column":64},"skip":true},"62":{"start":{"line":279,"column":24},"end":{"line":279,"column":40},"skip":true},"63":{"start":{"line":281,"column":24},"end":{"line":281,"column":40},"skip":true},"64":{"start":{"line":283,"column":24},"end":{"line":283,"column":39},"skip":true},"65":{"start":{"line":288,"column":8},"end":{"line":290,"column":9},"skip":true},"66":{"start":{"line":289,"column":12},"end":{"line":289,"column":18},"skip":true},"67":{"start":{"line":291,"column":8},"end":{"line":293,"column":54},"skip":true},"68":{"start":{"line":296,"column":8},"end":{"line":301,"column":37},"skip":true},"69":{"start":{"line":303,"column":8},"end":{"line":303,"column":82},"skip":true},"70":{"start":{"line":306,"column":8},"end":{"line":308,"column":9},"skip":true},"71":{"start":{"line":307,"column":12},"end":{"line":307,"column":82},"skip":true},"72":{"start":{"line":310,"column":8},"end":{"line":312,"column":9},"skip":true},"73":{"start":{"line":311,"column":12},"end":{"line":311,"column":18},"skip":true},"74":{"start":{"line":313,"column":8},"end":{"line":313,"column":54},"skip":true},"75":{"start":{"line":314,"column":8},"end":{"line":314,"column":69},"skip":true},"76":{"start":{"line":315,"column":8},"end":{"line":323,"column":36},"skip":true},"77":{"start":{"line":316,"column":12},"end":{"line":316,"column":61},"skip":true},"78":{"start":{"line":317,"column":12},"end":{"line":320,"column":13},"skip":true},"79":{"start":{"line":318,"column":16},"end":{"line":318,"column":75},"skip":true},"80":{"start":{"line":319,"column":16},"end":{"line":319,"column":23},"skip":true},"81":{"start":{"line":321,"column":12},"end":{"line":321,"column":38},"skip":true},"82":{"start":{"line":322,"column":12},"end":{"line":322,"column":27},"skip":true},"83":{"start":{"line":324,"column":8},"end":{"line":324,"column":14},"skip":true}},"branchMap":{"1":{"line":39,"type":"binary-expr","locations":[{"start":{"line":39,"column":23},"end":{"line":39,"column":62}},{"start":{"line":40,"column":20},"end":{"line":40,"column":70}},{"start":{"line":41,"column":20},"end":{"line":41,"column":71}},{"start":{"line":42,"column":20},"end":{"line":42,"column":29}}]},"2":{"line":44,"type":"binary-expr","locations":[{"start":{"line":44,"column":23},"end":{"line":44,"column":37}},{"start":{"line":45,"column":20},"end":{"line":45,"column":61}},{"start":{"line":46,"column":20},"end":{"line":46,"column":70}},{"start":{"line":47,"column":20},"end":{"line":47,"column":26}}]},"3":{"line":51,"type":"cond-expr","locations":[{"start":{"line":52,"column":14},"end":{"line":52,"column":20}},{"start":{"line":53,"column":14},"end":{"line":53,"column":20}}]},"4":{"line":55,"type":"binary-expr","locations":[{"start":{"line":55,"column":16},"end":{"line":55,"column":44}},{"start":{"line":55,"column":49},"end":{"line":57,"column":43}}]},"5":{"line":55,"type":"cond-expr","locations":[{"start":{"line":56,"column":14},"end":{"line":56,"column":53}},{"start":{"line":57,"column":14},"end":{"line":57,"column":43}}]},"6":{"line":61,"type":"switch","locations":[{"start":{"line":68,"column":4},"end":{"line":150,"column":14},"skip":true},{"start":{"line":156,"column":4},"end":{"line":324,"column":14},"skip":true}]},"7":{"line":70,"type":"if","locations":[{"start":{"line":70,"column":12},"end":{"line":70,"column":12},"skip":true},{"start":{"line":70,"column":12},"end":{"line":70,"column":12},"skip":true}]},"8":{"line":70,"type":"binary-expr","locations":[{"start":{"line":70,"column":16},"end":{"line":70,"column":22},"skip":true},{"start":{"line":70,"column":27},"end":{"line":70,"column":32},"skip":true},{"start":{"line":71,"column":20},"end":{"line":71,"column":39},"skip":true},{"start":{"line":72,"column":20},"end":{"line":72,"column":49},"skip":true},{"start":{"line":73,"column":20},"end":{"line":73,"column":58},"skip":true},{"start":{"line":74,"column":20},"end":{"line":74,"column":69},"skip":true}]},"9":{"line":79,"type":"switch","locations":[{"start":{"line":80,"column":20},"end":{"line":80,"column":33},"skip":true},{"start":{"line":81,"column":20},"end":{"line":83,"column":30},"skip":true},{"start":{"line":84,"column":20},"end":{"line":85,"column":49},"skip":true}]},"10":{"line":89,"type":"switch","locations":[{"start":{"line":90,"column":12},"end":{"line":103,"column":22},"skip":true},{"start":{"line":105,"column":12},"end":{"line":106,"column":22},"skip":true}]},"11":{"line":89,"type":"binary-expr","locations":[{"start":{"line":89,"column":20},"end":{"line":89,"column":25},"skip":true},{"start":{"line":89,"column":29},"end":{"line":89,"column":48},"skip":true},{"start":{"line":89,"column":52},"end":{"line":89,"column":74},"skip":true}]},"12":{"line":92,"type":"if","locations":[{"start":{"line":92,"column":16},"end":{"line":92,"column":16},"skip":true},{"start":{"line":92,"column":16},"end":{"line":92,"column":16},"skip":true}]},"13":{"line":108,"type":"if","locations":[{"start":{"line":108,"column":12},"end":{"line":108,"column":12},"skip":true},{"start":{"line":108,"column":12},"end":{"line":108,"column":12},"skip":true}]},"14":{"line":108,"type":"binary-expr","locations":[{"start":{"line":108,"column":16},"end":{"line":108,"column":61},"skip":true},{"start":{"line":108,"column":66},"end":{"line":108,"column":72},"skip":true},{"start":{"line":108,"column":77},"end":{"line":108,"column":82},"skip":true},{"start":{"line":109,"column":20},"end":{"line":109,"column":39},"skip":true},{"start":{"line":110,"column":20},"end":{"line":110,"column":49},"skip":true},{"start":{"line":111,"column":20},"end":{"line":111,"column":58},"skip":true},{"start":{"line":112,"column":20},"end":{"line":112,"column":68},"skip":true}]},"15":{"line":129,"type":"if","locations":[{"start":{"line":129,"column":16},"end":{"line":129,"column":16},"skip":true},{"start":{"line":129,"column":16},"end":{"line":129,"column":16},"skip":true}]},"16":{"line":134,"type":"cond-expr","locations":[{"start":{"line":135,"column":26},"end":{"line":135,"column":29},"skip":true},{"start":{"line":136,"column":26},"end":{"line":136,"column":54},"skip":true}]},"17":{"line":164,"type":"binary-expr","locations":[{"start":{"line":164,"column":27},"end":{"line":164,"column":43},"skip":true},{"start":{"line":164,"column":47},"end":{"line":164,"column":49},"skip":true}]},"18":{"line":258,"type":"if","locations":[{"start":{"line":258,"column":8},"end":{"line":258,"column":8},"skip":true},{"start":{"line":258,"column":8},"end":{"line":258,"column":8},"skip":true}]},"19":{"line":275,"type":"switch","locations":[{"start":{"line":276,"column":20},"end":{"line":277,"column":64},"skip":true},{"start":{"line":278,"column":20},"end":{"line":279,"column":40},"skip":true},{"start":{"line":280,"column":20},"end":{"line":281,"column":40},"skip":true},{"start":{"line":282,"column":20},"end":{"line":283,"column":39},"skip":true}]},"20":{"line":288,"type":"if","locations":[{"start":{"line":288,"column":8},"end":{"line":288,"column":8},"skip":true},{"start":{"line":288,"column":8},"end":{"line":288,"column":8},"skip":true}]},"21":{"line":288,"type":"binary-expr","locations":[{"start":{"line":288,"column":12},"end":{"line":288,"column":40},"skip":true},{"start":{"line":288,"column":44},"end":{"line":288,"column":67},"skip":true}]},"22":{"line":292,"type":"binary-expr","locations":[{"start":{"line":292,"column":12},"end":{"line":292,"column":50},"skip":true},{"start":{"line":293,"column":12},"end":{"line":293,"column":53},"skip":true}]},"23":{"line":297,"type":"binary-expr","locations":[{"start":{"line":297,"column":12},"end":{"line":297,"column":67},"skip":true},{"start":{"line":298,"column":12},"end":{"line":301,"column":36},"skip":true}]},"24":{"line":303,"type":"binary-expr","locations":[{"start":{"line":303,"column":43},"end":{"line":303,"column":75},"skip":true},{"start":{"line":303,"column":79},"end":{"line":303,"column":81},"skip":true}]},"25":{"line":306,"type":"if","locations":[{"start":{"line":306,"column":8},"end":{"line":306,"column":8},"skip":true},{"start":{"line":306,"column":8},"end":{"line":306,"column":8},"skip":true}]},"26":{"line":310,"type":"if","locations":[{"start":{"line":310,"column":8},"end":{"line":310,"column":8},"skip":true},{"start":{"line":310,"column":8},"end":{"line":310,"column":8},"skip":true}]},"27":{"line":313,"type":"binary-expr","locations":[{"start":{"line":313,"column":27},"end":{"line":313,"column":43},"skip":true},{"start":{"line":313,"column":47},"end":{"line":313,"column":53},"skip":true}]},"28":{"line":317,"type":"if","locations":[{"start":{"line":317,"column":12},"end":{"line":317,"column":12},"skip":true},{"start":{"line":317,"column":12},"end":{"line":317,"column":12},"skip":true}]}},"code":["/*","example.js","","quickstart example","","instruction","    1. save this script as example.js","    2. run the shell command:","        $ npm install npmtest-csv-parse && PORT=8081 node example.js","    3. play with the browser-demo on http://127.0.0.1:8081","*/","","","","/* istanbul instrument in package npmtest_csv_parse */","/*jslint","    bitwise: true,","    browser: true,","    maxerr: 8,","    maxlen: 96,","    node: true,","    nomen: true,","    regexp: true,","    stupid: true","*/","(function () {","    'use strict';","    var local;","","","","    // run shared js-env code - pre-init","    (function () {","        // init local","        local = {};","        // init modeJs","        local.modeJs = (function () {","            try {","                return typeof navigator.userAgent === 'string' &&","                    typeof document.querySelector('body') === 'object' &&","                    typeof XMLHttpRequest.prototype.open === 'function' &&","                    'browser';","            } catch (errorCaughtBrowser) {","                return module.exports &&","                    typeof process.versions.node === 'string' &&","                    typeof require('http').createServer === 'function' &&","                    'node';","            }","        }());","        // init global","        local.global = local.modeJs === 'browser'","            ? window","            : global;","        // init utility2_rollup","        local = local.global.utility2_rollup || (local.modeJs === 'browser'","            ? local.global.utility2_npmtest_csv_parse","            : global.utility2_moduleExports);","        // export local","        local.global.local = local;","    }());","    switch (local.modeJs) {","","","","    // post-init","    // run browser js-env code - post-init","    /* istanbul ignore next */","    case 'browser':","        local.testRunBrowser = function (event) {","            if (!event || (event &&","                    event.currentTarget &&","                    event.currentTarget.className &&","                    event.currentTarget.className.includes &&","                    event.currentTarget.className.includes('onreset'))) {","                // reset output","                Array.from(","                    document.querySelectorAll('body > .resettable')","                ).forEach(function (element) {","                    switch (element.tagName) {","                    case 'INPUT':","                    case 'TEXTAREA':","                        element.value = '';","                        break;","                    default:","                        element.textContent = '';","                    }","                });","            }","            switch (event && event.currentTarget && event.currentTarget.id) {","            case 'testRunButton1':","                // show tests","                if (document.querySelector('#testReportDiv1').style.display === 'none') {","                    document.querySelector('#testReportDiv1').style.display = 'block';","                    document.querySelector('#testRunButton1').textContent =","                        'hide internal test';","                    local.modeTest = true;","                    local.testRunDefault(local);","                // hide tests","                } else {","                    document.querySelector('#testReportDiv1').style.display = 'none';","                    document.querySelector('#testRunButton1').textContent = 'run internal test';","                }","                break;","            // custom-case","            default:","                break;","            }","            if (document.querySelector('#inputTextareaEval1') && (!event || (event &&","                    event.currentTarget &&","                    event.currentTarget.className &&","                    event.currentTarget.className.includes &&","                    event.currentTarget.className.includes('oneval')))) {","                // try to eval input-code","                try {","                    /*jslint evil: true*/","                    eval(document.querySelector('#inputTextareaEval1').value);","                } catch (errorCaught) {","                    console.error(errorCaught);","                }","            }","        };","        // log stderr and stdout to #outputTextareaStdout1","        ['error', 'log'].forEach(function (key) {","            console[key + '_original'] = console[key];","            console[key] = function () {","                var element;","                console[key + '_original'].apply(console, arguments);","                element = document.querySelector('#outputTextareaStdout1');","                if (!element) {","                    return;","                }","                // append text to #outputTextareaStdout1","                element.value += Array.from(arguments).map(function (arg) {","                    return typeof arg === 'string'","                        ? arg","                        : JSON.stringify(arg, null, 4);","                }).join(' ') + '\\n';","                // scroll textarea to bottom","                element.scrollTop = element.scrollHeight;","            };","        });","        // init event-handling","        ['change', 'click', 'keyup'].forEach(function (event) {","            Array.from(document.querySelectorAll('.on' + event)).forEach(function (element) {","                element.addEventListener(event, local.testRunBrowser);","            });","        });","        // run tests","        local.testRunBrowser();","        break;","","","","    // run node js-env code - post-init","    /* istanbul ignore next */","    case 'node':","        // export local","        module.exports = local;","        // require modules","        local.fs = require('fs');","        local.http = require('http');","        local.url = require('url');","        // init assets","        local.assetsDict = local.assetsDict || {};","        /* jslint-ignore-begin */","        local.assetsDict['/assets.index.template.html'] = '\\","<!doctype html>\\n\\","<html lang=\"en\">\\n\\","<head>\\n\\","<meta charset=\"UTF-8\">\\n\\","<meta name=\"viewport\" content=\"width=device-width, initial-scale=1\">\\n\\","<title>{{env.npm_package_name}} (v{{env.npm_package_version}})</title>\\n\\","<style>\\n\\","/*csslint\\n\\","    box-sizing: false,\\n\\","    universal-selector: false\\n\\","*/\\n\\","* {\\n\\","    box-sizing: border-box;\\n\\","}\\n\\","body {\\n\\","    background: #dde;\\n\\","    font-family: Arial, Helvetica, sans-serif;\\n\\","    margin: 2rem;\\n\\","}\\n\\","body > * {\\n\\","    margin-bottom: 1rem;\\n\\","}\\n\\",".utility2FooterDiv {\\n\\","    margin-top: 20px;\\n\\","    text-align: center;\\n\\","}\\n\\","</style>\\n\\","<style>\\n\\","/*csslint\\n\\","*/\\n\\","textarea {\\n\\","    font-family: monospace;\\n\\","    height: 10rem;\\n\\","    width: 100%;\\n\\","}\\n\\","textarea[readonly] {\\n\\","    background: #ddd;\\n\\","}\\n\\","</style>\\n\\","</head>\\n\\","<body>\\n\\","<!-- utility2-comment\\n\\","<div id=\"ajaxProgressDiv1\" style=\"background: #d00; height: 2px; left: 0; margin: 0; padding: 0; position: fixed; top: 0; transition: background 0.5s, width 1.5s; width: 25%;\"></div>\\n\\","utility2-comment -->\\n\\","<h1>\\n\\","<!-- utility2-comment\\n\\","    <a\\n\\","        {{#if env.npm_package_homepage}}\\n\\","        href=\"{{env.npm_package_homepage}}\"\\n\\","        {{/if env.npm_package_homepage}}\\n\\","        target=\"_blank\"\\n\\","    >\\n\\","utility2-comment -->\\n\\","        {{env.npm_package_name}} (v{{env.npm_package_version}})\\n\\","<!-- utility2-comment\\n\\","    </a>\\n\\","utility2-comment -->\\n\\","</h1>\\n\\","<h3>{{env.npm_package_description}}</h3>\\n\\","<!-- utility2-comment\\n\\","<h4><a download href=\"assets.app.js\">download standalone app</a></h4>\\n\\","<button class=\"onclick onreset\" id=\"testRunButton1\">run internal test</button><br>\\n\\","<div id=\"testReportDiv1\" style=\"display: none;\"></div>\\n\\","utility2-comment -->\\n\\","\\n\\","\\n\\","\\n\\","<label>stderr and stdout</label>\\n\\","<textarea class=\"resettable\" id=\"outputTextareaStdout1\" readonly></textarea>\\n\\","<!-- utility2-comment\\n\\","{{#if isRollup}}\\n\\","<script src=\"assets.app.js\"></script>\\n\\","{{#unless isRollup}}\\n\\","utility2-comment -->\\n\\","<script src=\"assets.utility2.rollup.js\"></script>\\n\\","<script src=\"jsonp.utility2._stateInit?callback=window.utility2._stateInit\"></script>\\n\\","<script src=\"assets.npmtest_csv_parse.rollup.js\"></script>\\n\\","<script src=\"assets.example.js\"></script>\\n\\","<script src=\"assets.test.js\"></script>\\n\\","<!-- utility2-comment\\n\\","{{/if isRollup}}\\n\\","utility2-comment -->\\n\\","<div class=\"utility2FooterDiv\">\\n\\","    [ this app was created with\\n\\","    <a href=\"https://github.com/kaizhu256/node-utility2\" target=\"_blank\">utility2</a>\\n\\","    ]\\n\\","</div>\\n\\","</body>\\n\\","</html>\\n\\","';","        /* jslint-ignore-end */","        if (local.templateRender) {","            local.assetsDict['/'] = local.templateRender(","                local.assetsDict['/assets.index.template.html'],","                {","                    env: local.objectSetDefault(local.env, {","                        npm_package_description: 'the greatest app in the world!',","                        npm_package_name: 'my-app',","                        npm_package_nameAlias: 'my_app',","                        npm_package_version: '0.0.1'","                    })","                }","            );","        } else {","            local.assetsDict['/'] = local.assetsDict['/assets.index.template.html']","                .replace((/\\{\\{env\\.(\\w+?)\\}\\}/g), function (match0, match1) {","                    // jslint-hack","                    String(match0);","                    switch (match1) {","                    case 'npm_package_description':","                        return 'the greatest app in the world!';","                    case 'npm_package_name':","                        return 'my-app';","                    case 'npm_package_nameAlias':","                        return 'my_app';","                    case 'npm_package_version':","                        return '0.0.1';","                    }","                });","        }","        // run the cli","        if (local.global.utility2_rollup || module !== require.main) {","            break;","        }","        local.assetsDict['/assets.example.js'] =","            local.assetsDict['/assets.example.js'] ||","            local.fs.readFileSync(__filename, 'utf8');","        // bug-workaround - long $npm_package_buildCustomOrg","        /* jslint-ignore-begin */","        local.assetsDict['/assets.npmtest_csv_parse.rollup.js'] =","            local.assetsDict['/assets.npmtest_csv_parse.rollup.js'] ||","            local.fs.readFileSync(","                local.npmtest_csv_parse.__dirname + '/lib.npmtest_csv_parse.js',","                'utf8'","            ).replace((/^#!/), '//');","        /* jslint-ignore-end */","        local.assetsDict['/favicon.ico'] = local.assetsDict['/favicon.ico'] || '';","        // if $npm_config_timeout_exit exists,","        // then exit this process after $npm_config_timeout_exit ms","        if (Number(process.env.npm_config_timeout_exit)) {","            setTimeout(process.exit, Number(process.env.npm_config_timeout_exit));","        }","        // start server","        if (local.global.utility2_serverHttp1) {","            break;","        }","        process.env.PORT = process.env.PORT || '8081';","        console.error('server starting on port ' + process.env.PORT);","        local.http.createServer(function (request, response) {","            request.urlParsed = local.url.parse(request.url);","            if (local.assetsDict[request.urlParsed.pathname] !== undefined) {","                response.end(local.assetsDict[request.urlParsed.pathname]);","                return;","            }","            response.statusCode = 404;","            response.end();","        }).listen(process.env.PORT);","        break;","    }","}());",""],"l":{"26":2,"28":2,"33":2,"35":2,"37":2,"38":2,"39":2,"44":1,"51":2,"55":2,"59":2,"61":2,"69":1,"70":2,"76":2,"79":2,"82":2,"83":2,"85":1,"89":2,"92":1,"93":1,"94":1,"96":1,"97":1,"100":1,"101":1,"103":1,"106":1,"108":2,"114":1,"116":1,"118":1,"123":1,"124":2,"125":2,"126":3,"127":3,"128":3,"129":3,"130":1,"133":3,"134":3,"139":3,"143":1,"144":3,"145":1,"149":1,"150":1,"158":1,"160":1,"161":1,"162":1,"164":1,"166":1,"258":1,"259":1,"271":1,"274":6,"275":6,"277":1,"279":2,"281":1,"283":2,"288":1,"289":1,"291":1,"296":1,"303":1,"306":1,"307":1,"310":1,"311":1,"313":1,"314":1,"315":1,"316":1,"317":1,"318":1,"319":1,"321":1,"322":1,"324":1}},"/home/travis/build/npmtest/node-npmtest-csv-parse/node_modules/csv-parse/lib/index.js":{"path":"/home/travis/build/npmtest/node-npmtest-csv-parse/node_modules/csv-parse/lib/index.js","s":{"1":1,"2":1,"3":1,"4":1,"5":1,"6":2,"7":2,"8":0,"9":0,"10":0,"11":0,"12":0,"13":0,"14":0,"15":2,"16":2,"17":0,"18":2,"19":2,"20":2,"21":0,"22":0,"23":0,"24":0,"25":0,"26":2,"27":0,"28":2,"29":2,"30":0,"31":0,"32":0,"33":2,"34":2,"35":2,"36":2,"37":7,"38":7,"39":7,"40":5,"41":0,"42":5,"43":7,"44":2,"45":0,"46":0,"47":2,"48":2,"49":2,"50":2,"51":1,"52":2,"53":2,"54":0,"55":2,"56":2,"57":2,"58":4,"59":4,"60":2,"61":2,"62":2,"63":2,"64":0,"65":2,"66":1,"67":2,"68":2,"69":2,"70":2,"71":2,"72":1,"73":2,"74":2,"75":2,"76":2,"77":2,"78":2,"79":2,"80":2,"81":2,"82":2,"83":2,"84":2,"85":2,"86":2,"87":2,"88":2,"89":2,"90":2,"91":2,"92":2,"93":2,"94":2,"95":2,"96":2,"97":2,"98":2,"99":2,"100":2,"101":2,"102":2,"103":0,"104":2,"105":2,"106":2,"107":2,"108":2,"109":2,"110":2,"111":2,"112":2,"113":2,"114":2,"115":2,"116":0,"117":0,"118":2,"119":1,"120":1,"121":1,"122":2,"123":2,"124":2,"125":2,"126":2,"127":2,"128":0,"129":0,"130":1,"131":2,"132":2,"133":2,"134":2,"135":0,"136":0,"137":2,"138":1,"139":2,"140":0,"141":0,"142":1,"143":6,"144":6,"145":0,"146":6,"147":6,"148":1,"149":1,"150":1,"151":5,"152":0,"153":0,"154":0,"155":5,"156":2,"157":5,"158":0,"159":5,"160":0,"161":0,"162":0,"163":0,"164":0,"165":5,"166":5,"167":2,"168":2,"169":6,"170":6,"171":0,"172":6,"173":2,"174":0,"175":2,"176":3,"177":5,"178":0,"179":5,"180":0,"181":5,"182":0,"183":0,"184":5,"185":1,"186":4,"187":4,"188":4,"189":0,"190":0,"191":0,"192":4,"193":4,"194":0,"195":0,"196":0,"197":4,"198":4,"199":15,"200":15,"201":15,"202":0,"203":0,"204":0,"205":0,"206":0,"207":0,"208":0,"209":0,"210":0,"211":4,"212":4,"213":4,"214":4,"215":4,"216":4,"217":0,"218":4,"219":68,"220":68,"221":68,"222":0,"223":0,"224":0,"225":0,"226":68,"227":68,"228":68,"229":0,"230":68,"231":18,"232":18,"233":18,"234":0,"235":0,"236":18,"237":2,"238":2,"239":2,"240":0,"241":18,"242":2,"243":0,"244":2,"245":2,"246":68,"247":0,"248":0,"249":0,"250":0,"251":0,"252":0,"253":0,"254":0,"255":0,"256":0,"257":0,"258":0,"259":0,"260":0,"261":68,"262":0,"263":0,"264":0,"265":0,"266":0,"267":0,"268":0,"269":0,"270":0,"271":0,"272":0,"273":0,"274":0,"275":0,"276":0,"277":0,"278":0,"279":0,"280":0,"281":0,"282":0,"283":0,"284":0,"285":68,"286":52,"287":68,"288":5,"289":5,"290":68,"291":5,"292":68,"293":68,"294":0,"295":68,"296":0,"297":0,"298":68,"299":68,"300":14,"301":0,"302":0,"303":0,"304":0,"305":14,"306":0,"307":0,"308":14,"309":14,"310":14,"311":14,"312":9,"313":9,"314":9,"315":0,"316":0,"317":14,"318":5,"319":5,"320":5,"321":5,"322":5,"323":54,"324":0,"325":0,"326":0,"327":0,"328":0,"329":54,"330":54,"331":15,"332":54,"333":54,"334":0,"335":63,"336":0,"337":63,"338":0,"339":4,"340":2,"341":1,"342":0,"343":0,"344":1,"345":1,"346":2,"347":0,"348":2,"349":2,"350":2,"351":0,"352":4,"353":4,"354":4,"355":0,"356":0,"357":4},"b":{"1":[0,2],"2":[0,0],"3":[0,0],"4":[0,0],"5":[2,0],"6":[0,2],"7":[2,2],"8":[2,0],"9":[0,0],"10":[0,0],"11":[0,2],"12":[0,2],"13":[2,0],"14":[0,2],"15":[0,5],"16":[2,0],"17":[0,2],"18":[2,0],"19":[0,2],"20":[1,1],"21":[2,0],"22":[2,0],"23":[1,1],"24":[2,0],"25":[2,0],"26":[2,0],"27":[2,0],"28":[2,0],"29":[2,0],"30":[2,0],"31":[2,0],"32":[2,0],"33":[2,0],"34":[2,0],"35":[2,0],"36":[0,2],"37":[2,0],"38":[0,2],"39":[1,1],"40":[0,6],"41":[6,0],"42":[1,5],"43":[0,5],"44":[2,3],"45":[5,2],"46":[1,1],"47":[0,5],"48":[5,0],"49":[0,5],"50":[0,0],"51":[0,0],"52":[2,3],"53":[0,6],"54":[0,2],"55":[0,5],"56":[0,5],"57":[0,5],"58":[0,0],"59":[0,0],"60":[15,0],"61":[0,0],"62":[0,0],"63":[0,0],"64":[0,0],"65":[4,4],"66":[4,4],"67":[0,4],"68":[4,2],"69":[68,0],"70":[0,68],"71":[68,18,68,68,0,68,50,0,68,50,0,0,68,2,68,2],"72":[66,2],"73":[66,2],"74":[0,68],"75":[18,50],"76":[0,18],"77":[18,18,18],"78":[2,16],"79":[18,18,16],"80":[18,18],"81":[0,2],"82":[2,16],"83":[0,2],"84":[2,0],"85":[0,68],"86":[68,68],"87":[0,0],"88":[0,0,0],"89":[0,0,0],"90":[0,0],"91":[0,0],"92":[0,68],"93":[68,68],"94":[0,0],"95":[0,0],"96":[0,0],"97":[0,0,0,0],"98":[0,0],"99":[0,0],"100":[0,0],"101":[0,0],"102":[0,0],"103":[0,0],"104":[0,0],"105":[68,52],"106":[5,63],"107":[5,63],"108":[68,63,0],"109":[0,68],"110":[68,68,68,0],"111":[0,68],"112":[68,0],"113":[14,54],"114":[68,68,68,59],"115":[0,14],"116":[14,5,0],"117":[0,0],"118":[0,0],"119":[0,14],"120":[0,0],"121":[0,0],"122":[14,0],"123":[9,5],"124":[0,9],"125":[9,0],"126":[5,9],"127":[0,54],"128":[54,54,54,54],"129":[0,0],"130":[0,0],"131":[0,0],"132":[54,0],"133":[15,39],"134":[0,63],"135":[63,63],"136":[54,9],"137":[0,63],"138":[63,63],"139":[63,0],"140":[2,2],"141":[1,1],"142":[0,1],"143":[0,0],"144":[0,0],"145":[1,0],"146":[0,2],"147":[0,2],"148":[2,0],"149":[0,2]},"f":{"1":2,"2":0,"3":7,"4":0,"5":2,"6":2,"7":0,"8":0,"9":2,"10":2,"11":6,"12":4,"13":4,"14":0,"15":4,"16":0,"17":4,"18":15,"19":0,"20":0,"21":0,"22":0,"23":52,"24":5},"fnMap":{"1":{"name":"(anonymous_1)","line":10,"loc":{"start":{"line":10,"column":17},"end":{"line":10,"column":28}}},"2":{"name":"(anonymous_2)","line":45,"loc":{"start":{"line":45,"column":21},"end":{"line":45,"column":32}}},"3":{"name":"(anonymous_3)","line":53,"loc":{"start":{"line":53,"column":26},"end":{"line":53,"column":37}}},"4":{"name":"(anonymous_4)","line":65,"loc":{"start":{"line":65,"column":23},"end":{"line":65,"column":37}}},"5":{"name":"(anonymous_5)","line":69,"loc":{"start":{"line":69,"column":21},"end":{"line":69,"column":32}}},"6":{"name":"(anonymous_6)","line":78,"loc":{"start":{"line":78,"column":9},"end":{"line":78,"column":27}}},"7":{"name":"(anonymous_7)","line":149,"loc":{"start":{"line":149,"column":18},"end":{"line":149,"column":34}}},"8":{"name":"(anonymous_8)","line":164,"loc":{"start":{"line":164,"column":83},"end":{"line":164,"column":95}}},"9":{"name":"(anonymous_9)","line":175,"loc":{"start":{"line":175,"column":30},"end":{"line":175,"column":66}}},"10":{"name":"(anonymous_10)","line":189,"loc":{"start":{"line":189,"column":26},"end":{"line":189,"column":45}}},"11":{"name":"(anonymous_11)","line":207,"loc":{"start":{"line":207,"column":26},"end":{"line":207,"column":41}}},"12":{"name":"(anonymous_12)","line":272,"loc":{"start":{"line":272,"column":27},"end":{"line":272,"column":48}}},"13":{"name":"(anonymous_13)","line":274,"loc":{"start":{"line":274,"column":12},"end":{"line":274,"column":28}}},"14":{"name":"(anonymous_14)","line":275,"loc":{"start":{"line":275,"column":11},"end":{"line":275,"column":27}}},"15":{"name":"(anonymous_15)","line":283,"loc":{"start":{"line":283,"column":14},"end":{"line":283,"column":30}}},"16":{"name":"(anonymous_16)","line":284,"loc":{"start":{"line":284,"column":11},"end":{"line":284,"column":27}}},"17":{"name":"(anonymous_17)","line":292,"loc":{"start":{"line":292,"column":16},"end":{"line":292,"column":32}}},"18":{"name":"(anonymous_18)","line":293,"loc":{"start":{"line":293,"column":11},"end":{"line":293,"column":27}}},"19":{"name":"(anonymous_19)","line":322,"loc":{"start":{"line":322,"column":277},"end":{"line":322,"column":290}}},"20":{"name":"(anonymous_20)","line":324,"loc":{"start":{"line":324,"column":160},"end":{"line":324,"column":176}}},"21":{"name":"(anonymous_21)","line":325,"loc":{"start":{"line":325,"column":15},"end":{"line":325,"column":28}}},"22":{"name":"(anonymous_22)","line":379,"loc":{"start":{"line":379,"column":96},"end":{"line":379,"column":109}}},"23":{"name":"(anonymous_23)","line":409,"loc":{"start":{"line":409,"column":81},"end":{"line":409,"column":94}}},"24":{"name":"(anonymous_24)","line":413,"loc":{"start":{"line":413,"column":62},"end":{"line":413,"column":75}}}},"statementMap":{"1":{"start":{"line":2,"column":0},"end":{"line":2,"column":40}},"2":{"start":{"line":4,"column":0},"end":{"line":4,"column":27}},"3":{"start":{"line":6,"column":0},"end":{"line":6,"column":23}},"4":{"start":{"line":8,"column":0},"end":{"line":8,"column":56}},"5":{"start":{"line":10,"column":0},"end":{"line":76,"column":2}},"6":{"start":{"line":11,"column":2},"end":{"line":11,"column":54}},"7":{"start":{"line":12,"column":2},"end":{"line":39,"column":3}},"8":{"start":{"line":13,"column":4},"end":{"line":13,"column":24}},"9":{"start":{"line":14,"column":4},"end":{"line":14,"column":27}},"10":{"start":{"line":15,"column":4},"end":{"line":15,"column":28}},"11":{"start":{"line":16,"column":4},"end":{"line":18,"column":5}},"12":{"start":{"line":17,"column":6},"end":{"line":17,"column":78}},"13":{"start":{"line":19,"column":4},"end":{"line":21,"column":5}},"14":{"start":{"line":20,"column":6},"end":{"line":20,"column":81}},"15":{"start":{"line":22,"column":9},"end":{"line":39,"column":3}},"16":{"start":{"line":23,"column":4},"end":{"line":27,"column":5}},"17":{"start":{"line":24,"column":6},"end":{"line":24,"column":26}},"18":{"start":{"line":26,"column":6},"end":{"line":26,"column":29}},"19":{"start":{"line":28,"column":4},"end":{"line":32,"column":5}},"20":{"start":{"line":29,"column":6},"end":{"line":29,"column":30}},"21":{"start":{"line":31,"column":6},"end":{"line":31,"column":29}},"22":{"start":{"line":33,"column":9},"end":{"line":39,"column":3}},"23":{"start":{"line":34,"column":4},"end":{"line":38,"column":5}},"24":{"start":{"line":35,"column":6},"end":{"line":35,"column":30}},"25":{"start":{"line":37,"column":6},"end":{"line":37,"column":29}},"26":{"start":{"line":40,"column":2},"end":{"line":42,"column":3}},"27":{"start":{"line":41,"column":4},"end":{"line":41,"column":17}},"28":{"start":{"line":43,"column":2},"end":{"line":43,"column":31}},"29":{"start":{"line":44,"column":2},"end":{"line":49,"column":3}},"30":{"start":{"line":45,"column":4},"end":{"line":48,"column":7}},"31":{"start":{"line":46,"column":6},"end":{"line":46,"column":25}},"32":{"start":{"line":47,"column":6},"end":{"line":47,"column":26}},"33":{"start":{"line":50,"column":2},"end":{"line":74,"column":3}},"34":{"start":{"line":51,"column":4},"end":{"line":51,"column":19}},"35":{"start":{"line":52,"column":4},"end":{"line":52,"column":39}},"36":{"start":{"line":53,"column":4},"end":{"line":64,"column":7}},"37":{"start":{"line":54,"column":6},"end":{"line":54,"column":25}},"38":{"start":{"line":55,"column":6},"end":{"line":55,"column":19}},"39":{"start":{"line":56,"column":6},"end":{"line":62,"column":7}},"40":{"start":{"line":57,"column":8},"end":{"line":61,"column":9}},"41":{"start":{"line":58,"column":10},"end":{"line":58,"column":52}},"42":{"start":{"line":60,"column":10},"end":{"line":60,"column":43}},"43":{"start":{"line":63,"column":6},"end":{"line":63,"column":21}},"44":{"start":{"line":65,"column":4},"end":{"line":68,"column":7}},"45":{"start":{"line":66,"column":6},"end":{"line":66,"column":20}},"46":{"start":{"line":67,"column":6},"end":{"line":67,"column":27}},"47":{"start":{"line":69,"column":4},"end":{"line":73,"column":7}},"48":{"start":{"line":70,"column":6},"end":{"line":72,"column":7}},"49":{"start":{"line":71,"column":8},"end":{"line":71,"column":38}},"50":{"start":{"line":75,"column":2},"end":{"line":75,"column":16}},"51":{"start":{"line":78,"column":0},"end":{"line":169,"column":2}},"52":{"start":{"line":79,"column":2},"end":{"line":79,"column":136}},"53":{"start":{"line":80,"column":2},"end":{"line":82,"column":3}},"54":{"start":{"line":81,"column":4},"end":{"line":81,"column":17}},"55":{"start":{"line":83,"column":2},"end":{"line":83,"column":28}},"56":{"start":{"line":84,"column":2},"end":{"line":84,"column":20}},"57":{"start":{"line":85,"column":2},"end":{"line":88,"column":3}},"58":{"start":{"line":86,"column":4},"end":{"line":86,"column":19}},"59":{"start":{"line":87,"column":4},"end":{"line":87,"column":24}},"60":{"start":{"line":89,"column":2},"end":{"line":89,"column":44}},"61":{"start":{"line":90,"column":2},"end":{"line":92,"column":3}},"62":{"start":{"line":91,"column":4},"end":{"line":91,"column":29}},"63":{"start":{"line":93,"column":2},"end":{"line":95,"column":3}},"64":{"start":{"line":94,"column":4},"end":{"line":94,"column":60}},"65":{"start":{"line":96,"column":2},"end":{"line":98,"column":3}},"66":{"start":{"line":97,"column":4},"end":{"line":97,"column":26}},"67":{"start":{"line":99,"column":2},"end":{"line":101,"column":3}},"68":{"start":{"line":100,"column":4},"end":{"line":100,"column":22}},"69":{"start":{"line":102,"column":2},"end":{"line":104,"column":3}},"70":{"start":{"line":103,"column":4},"end":{"line":103,"column":23}},"71":{"start":{"line":105,"column":2},"end":{"line":107,"column":3}},"72":{"start":{"line":106,"column":4},"end":{"line":106,"column":25}},"73":{"start":{"line":108,"column":2},"end":{"line":110,"column":3}},"74":{"start":{"line":109,"column":4},"end":{"line":109,"column":23}},"75":{"start":{"line":111,"column":2},"end":{"line":113,"column":3}},"76":{"start":{"line":112,"column":4},"end":{"line":112,"column":26}},"77":{"start":{"line":114,"column":2},"end":{"line":116,"column":3}},"78":{"start":{"line":115,"column":4},"end":{"line":115,"column":23}},"79":{"start":{"line":117,"column":2},"end":{"line":119,"column":3}},"80":{"start":{"line":118,"column":4},"end":{"line":118,"column":24}},"81":{"start":{"line":120,"column":2},"end":{"line":122,"column":3}},"82":{"start":{"line":121,"column":4},"end":{"line":121,"column":24}},"83":{"start":{"line":123,"column":2},"end":{"line":125,"column":3}},"84":{"start":{"line":124,"column":4},"end":{"line":124,"column":30}},"85":{"start":{"line":126,"column":2},"end":{"line":128,"column":3}},"86":{"start":{"line":127,"column":4},"end":{"line":127,"column":35}},"87":{"start":{"line":129,"column":2},"end":{"line":131,"column":3}},"88":{"start":{"line":130,"column":4},"end":{"line":130,"column":25}},"89":{"start":{"line":132,"column":2},"end":{"line":134,"column":3}},"90":{"start":{"line":133,"column":4},"end":{"line":133,"column":38}},"91":{"start":{"line":135,"column":2},"end":{"line":137,"column":3}},"92":{"start":{"line":136,"column":4},"end":{"line":136,"column":36}},"93":{"start":{"line":138,"column":2},"end":{"line":140,"column":3}},"94":{"start":{"line":139,"column":4},"end":{"line":139,"column":43}},"95":{"start":{"line":141,"column":2},"end":{"line":143,"column":3}},"96":{"start":{"line":142,"column":4},"end":{"line":142,"column":48}},"97":{"start":{"line":144,"column":2},"end":{"line":144,"column":17}},"98":{"start":{"line":145,"column":2},"end":{"line":145,"column":17}},"99":{"start":{"line":146,"column":2},"end":{"line":146,"column":30}},"100":{"start":{"line":147,"column":2},"end":{"line":147,"column":28}},"101":{"start":{"line":148,"column":2},"end":{"line":148,"column":43}},"102":{"start":{"line":149,"column":2},"end":{"line":151,"column":4}},"103":{"start":{"line":150,"column":4},"end":{"line":150,"column":48}},"104":{"start":{"line":152,"column":2},"end":{"line":152,"column":14}},"105":{"start":{"line":153,"column":2},"end":{"line":153,"column":39}},"106":{"start":{"line":154,"column":2},"end":{"line":154,"column":25}},"107":{"start":{"line":155,"column":2},"end":{"line":155,"column":28}},"108":{"start":{"line":156,"column":2},"end":{"line":156,"column":22}},"109":{"start":{"line":157,"column":2},"end":{"line":157,"column":25}},"110":{"start":{"line":158,"column":2},"end":{"line":158,"column":26}},"111":{"start":{"line":159,"column":2},"end":{"line":159,"column":19}},"112":{"start":{"line":160,"column":2},"end":{"line":160,"column":21}},"113":{"start":{"line":161,"column":2},"end":{"line":161,"column":21}},"114":{"start":{"line":162,"column":2},"end":{"line":162,"column":18}},"115":{"start":{"line":163,"column":2},"end":{"line":167,"column":3}},"116":{"start":{"line":164,"column":4},"end":{"line":166,"column":8}},"117":{"start":{"line":165,"column":6},"end":{"line":165,"column":22}},"118":{"start":{"line":168,"column":2},"end":{"line":168,"column":14}},"119":{"start":{"line":171,"column":0},"end":{"line":171,"column":40}},"120":{"start":{"line":173,"column":0},"end":{"line":173,"column":31}},"121":{"start":{"line":175,"column":0},"end":{"line":187,"column":2}},"122":{"start":{"line":176,"column":2},"end":{"line":176,"column":17}},"123":{"start":{"line":177,"column":2},"end":{"line":179,"column":3}},"124":{"start":{"line":178,"column":4},"end":{"line":178,"column":40}},"125":{"start":{"line":180,"column":2},"end":{"line":186,"column":3}},"126":{"start":{"line":181,"column":4},"end":{"line":181,"column":31}},"127":{"start":{"line":182,"column":4},"end":{"line":182,"column":22}},"128":{"start":{"line":184,"column":4},"end":{"line":184,"column":16}},"129":{"start":{"line":185,"column":4},"end":{"line":185,"column":35}},"130":{"start":{"line":189,"column":0},"end":{"line":205,"column":2}},"131":{"start":{"line":190,"column":2},"end":{"line":190,"column":17}},"132":{"start":{"line":191,"column":2},"end":{"line":204,"column":3}},"133":{"start":{"line":192,"column":4},"end":{"line":192,"column":45}},"134":{"start":{"line":193,"column":4},"end":{"line":196,"column":5}},"135":{"start":{"line":194,"column":6},"end":{"line":194,"column":95}},"136":{"start":{"line":195,"column":6},"end":{"line":195,"column":13}},"137":{"start":{"line":197,"column":4},"end":{"line":199,"column":5}},"138":{"start":{"line":198,"column":6},"end":{"line":198,"column":31}},"139":{"start":{"line":200,"column":4},"end":{"line":200,"column":22}},"140":{"start":{"line":202,"column":4},"end":{"line":202,"column":16}},"141":{"start":{"line":203,"column":4},"end":{"line":203,"column":35}},"142":{"start":{"line":207,"column":0},"end":{"line":270,"column":2}},"143":{"start":{"line":208,"column":2},"end":{"line":208,"column":51}},"144":{"start":{"line":209,"column":2},"end":{"line":211,"column":3}},"145":{"start":{"line":210,"column":4},"end":{"line":210,"column":11}},"146":{"start":{"line":212,"column":2},"end":{"line":212,"column":13}},"147":{"start":{"line":213,"column":2},"end":{"line":221,"column":3}},"148":{"start":{"line":214,"column":4},"end":{"line":214,"column":32}},"149":{"start":{"line":215,"column":4},"end":{"line":215,"column":16}},"150":{"start":{"line":216,"column":4},"end":{"line":216,"column":11}},"151":{"start":{"line":217,"column":9},"end":{"line":221,"column":3}},"152":{"start":{"line":218,"column":4},"end":{"line":218,"column":54}},"153":{"start":{"line":219,"column":4},"end":{"line":219,"column":16}},"154":{"start":{"line":220,"column":4},"end":{"line":220,"column":11}},"155":{"start":{"line":222,"column":2},"end":{"line":224,"column":3}},"156":{"start":{"line":223,"column":4},"end":{"line":223,"column":90}},"157":{"start":{"line":225,"column":2},"end":{"line":237,"column":3}},"158":{"start":{"line":226,"column":4},"end":{"line":226,"column":28}},"159":{"start":{"line":227,"column":9},"end":{"line":237,"column":3}},"160":{"start":{"line":228,"column":4},"end":{"line":234,"column":5}},"161":{"start":{"line":229,"column":6},"end":{"line":229,"column":32}},"162":{"start":{"line":230,"column":11},"end":{"line":234,"column":5}},"163":{"start":{"line":231,"column":6},"end":{"line":231,"column":88}},"164":{"start":{"line":233,"column":6},"end":{"line":233,"column":77}},"165":{"start":{"line":236,"column":4},"end":{"line":236,"column":17}},"166":{"start":{"line":238,"column":2},"end":{"line":254,"column":3}},"167":{"start":{"line":239,"column":4},"end":{"line":239,"column":23}},"168":{"start":{"line":240,"column":4},"end":{"line":246,"column":5}},"169":{"start":{"line":241,"column":6},"end":{"line":241,"column":22}},"170":{"start":{"line":242,"column":6},"end":{"line":244,"column":7}},"171":{"start":{"line":243,"column":8},"end":{"line":243,"column":17}},"172":{"start":{"line":245,"column":6},"end":{"line":245,"column":53}},"173":{"start":{"line":247,"column":4},"end":{"line":251,"column":5}},"174":{"start":{"line":248,"column":6},"end":{"line":248,"column":65}},"175":{"start":{"line":250,"column":6},"end":{"line":250,"column":26}},"176":{"start":{"line":253,"column":4},"end":{"line":253,"column":15}},"177":{"start":{"line":255,"column":2},"end":{"line":257,"column":3}},"178":{"start":{"line":256,"column":4},"end":{"line":256,"column":11}},"179":{"start":{"line":258,"column":2},"end":{"line":260,"column":3}},"180":{"start":{"line":259,"column":4},"end":{"line":259,"column":11}},"181":{"start":{"line":261,"column":2},"end":{"line":269,"column":3}},"182":{"start":{"line":262,"column":4},"end":{"line":265,"column":7}},"183":{"start":{"line":266,"column":4},"end":{"line":266,"column":30}},"184":{"start":{"line":268,"column":4},"end":{"line":268,"column":26}},"185":{"start":{"line":272,"column":0},"end":{"line":510,"column":2}},"186":{"start":{"line":273,"column":2},"end":{"line":273,"column":313}},"187":{"start":{"line":274,"column":2},"end":{"line":282,"column":11}},"188":{"start":{"line":275,"column":4},"end":{"line":281,"column":6}},"189":{"start":{"line":276,"column":6},"end":{"line":280,"column":7}},"190":{"start":{"line":277,"column":8},"end":{"line":277,"column":35}},"191":{"start":{"line":279,"column":8},"end":{"line":279,"column":40}},"192":{"start":{"line":283,"column":2},"end":{"line":291,"column":11}},"193":{"start":{"line":284,"column":4},"end":{"line":290,"column":6}},"194":{"start":{"line":285,"column":6},"end":{"line":289,"column":7}},"195":{"start":{"line":286,"column":8},"end":{"line":286,"column":37}},"196":{"start":{"line":288,"column":8},"end":{"line":288,"column":42}},"197":{"start":{"line":292,"column":2},"end":{"line":310,"column":11}},"198":{"start":{"line":293,"column":4},"end":{"line":309,"column":6}},"199":{"start":{"line":294,"column":6},"end":{"line":294,"column":12}},"200":{"start":{"line":295,"column":6},"end":{"line":297,"column":7}},"201":{"start":{"line":296,"column":8},"end":{"line":296,"column":21}},"202":{"start":{"line":298,"column":6},"end":{"line":307,"column":7}},"203":{"start":{"line":299,"column":8},"end":{"line":299,"column":32}},"204":{"start":{"line":300,"column":13},"end":{"line":307,"column":7}},"205":{"start":{"line":301,"column":8},"end":{"line":301,"column":34}},"206":{"start":{"line":302,"column":13},"end":{"line":307,"column":7}},"207":{"start":{"line":303,"column":8},"end":{"line":303,"column":30}},"208":{"start":{"line":304,"column":8},"end":{"line":306,"column":9}},"209":{"start":{"line":305,"column":10},"end":{"line":305,"column":30}},"210":{"start":{"line":308,"column":6},"end":{"line":308,"column":19}},"211":{"start":{"line":311,"column":2},"end":{"line":311,"column":50}},"212":{"start":{"line":312,"column":2},"end":{"line":312,"column":50}},"213":{"start":{"line":313,"column":2},"end":{"line":313,"column":29}},"214":{"start":{"line":314,"column":2},"end":{"line":314,"column":19}},"215":{"start":{"line":315,"column":2},"end":{"line":315,"column":8}},"216":{"start":{"line":316,"column":2},"end":{"line":318,"column":3}},"217":{"start":{"line":317,"column":4},"end":{"line":317,"column":8}},"218":{"start":{"line":319,"column":2},"end":{"line":482,"column":3}},"219":{"start":{"line":320,"column":4},"end":{"line":331,"column":5}},"220":{"start":{"line":321,"column":6},"end":{"line":321,"column":47}},"221":{"start":{"line":322,"column":6},"end":{"line":330,"column":7}},"222":{"start":{"line":323,"column":8},"end":{"line":323,"column":55}},"223":{"start":{"line":325,"column":8},"end":{"line":327,"column":10}},"224":{"start":{"line":326,"column":10},"end":{"line":326,"column":81}},"225":{"start":{"line":329,"column":8},"end":{"line":329,"column":14}},"226":{"start":{"line":332,"column":4},"end":{"line":332,"column":63}},"227":{"start":{"line":333,"column":4},"end":{"line":333,"column":59}},"228":{"start":{"line":334,"column":4},"end":{"line":336,"column":5}},"229":{"start":{"line":335,"column":6},"end":{"line":335,"column":28}},"230":{"start":{"line":337,"column":4},"end":{"line":357,"column":5}},"231":{"start":{"line":338,"column":6},"end":{"line":338,"column":22}},"232":{"start":{"line":339,"column":6},"end":{"line":339,"column":26}},"233":{"start":{"line":340,"column":6},"end":{"line":349,"column":7}},"234":{"start":{"line":341,"column":8},"end":{"line":341,"column":28}},"235":{"start":{"line":342,"column":8},"end":{"line":342,"column":25}},"236":{"start":{"line":343,"column":13},"end":{"line":349,"column":7}},"237":{"start":{"line":344,"column":8},"end":{"line":344,"column":39}},"238":{"start":{"line":345,"column":8},"end":{"line":345,"column":25}},"239":{"start":{"line":346,"column":8},"end":{"line":348,"column":9}},"240":{"start":{"line":347,"column":10},"end":{"line":347,"column":36}},"241":{"start":{"line":350,"column":6},"end":{"line":356,"column":7}},"242":{"start":{"line":351,"column":8},"end":{"line":353,"column":9}},"243":{"start":{"line":352,"column":10},"end":{"line":352,"column":31}},"244":{"start":{"line":354,"column":8},"end":{"line":354,"column":51}},"245":{"start":{"line":355,"column":8},"end":{"line":355,"column":56}},"246":{"start":{"line":358,"column":4},"end":{"line":376,"column":5}},"247":{"start":{"line":359,"column":6},"end":{"line":359,"column":65}},"248":{"start":{"line":360,"column":6},"end":{"line":360,"column":57}},"249":{"start":{"line":361,"column":6},"end":{"line":361,"column":55}},"250":{"start":{"line":362,"column":6},"end":{"line":375,"column":7}},"251":{"start":{"line":363,"column":8},"end":{"line":363,"column":12}},"252":{"start":{"line":364,"column":8},"end":{"line":364,"column":31}},"253":{"start":{"line":365,"column":8},"end":{"line":365,"column":46}},"254":{"start":{"line":366,"column":8},"end":{"line":368,"column":9}},"255":{"start":{"line":367,"column":10},"end":{"line":367,"column":28}},"256":{"start":{"line":369,"column":8},"end":{"line":369,"column":29}},"257":{"start":{"line":370,"column":8},"end":{"line":372,"column":9}},"258":{"start":{"line":371,"column":10},"end":{"line":371,"column":32}},"259":{"start":{"line":373,"column":8},"end":{"line":373,"column":12}},"260":{"start":{"line":374,"column":8},"end":{"line":374,"column":17}},"261":{"start":{"line":377,"column":4},"end":{"line":408,"column":5}},"262":{"start":{"line":378,"column":6},"end":{"line":407,"column":7}},"263":{"start":{"line":379,"column":8},"end":{"line":381,"column":11}},"264":{"start":{"line":380,"column":10},"end":{"line":380,"column":55}},"265":{"start":{"line":382,"column":8},"end":{"line":382,"column":110}},"266":{"start":{"line":383,"column":8},"end":{"line":383,"column":70}},"267":{"start":{"line":384,"column":8},"end":{"line":400,"column":9}},"268":{"start":{"line":385,"column":10},"end":{"line":390,"column":11}},"269":{"start":{"line":386,"column":12},"end":{"line":386,"column":35}},"270":{"start":{"line":387,"column":12},"end":{"line":387,"column":66}},"271":{"start":{"line":389,"column":12},"end":{"line":389,"column":196}},"272":{"start":{"line":392,"column":10},"end":{"line":392,"column":33}},"273":{"start":{"line":393,"column":10},"end":{"line":393,"column":58}},"274":{"start":{"line":394,"column":10},"end":{"line":394,"column":14}},"275":{"start":{"line":395,"column":10},"end":{"line":398,"column":11}},"276":{"start":{"line":396,"column":12},"end":{"line":396,"column":61}},"277":{"start":{"line":397,"column":12},"end":{"line":397,"column":32}},"278":{"start":{"line":399,"column":10},"end":{"line":399,"column":19}},"279":{"start":{"line":401,"column":13},"end":{"line":407,"column":7}},"280":{"start":{"line":402,"column":8},"end":{"line":402,"column":30}},"281":{"start":{"line":403,"column":8},"end":{"line":403,"column":12}},"282":{"start":{"line":404,"column":8},"end":{"line":404,"column":17}},"283":{"start":{"line":405,"column":13},"end":{"line":407,"column":7}},"284":{"start":{"line":406,"column":8},"end":{"line":406,"column":73}},"285":{"start":{"line":409,"column":4},"end":{"line":411,"column":7}},"286":{"start":{"line":410,"column":6},"end":{"line":410,"column":47}},"287":{"start":{"line":412,"column":4},"end":{"line":416,"column":5}},"288":{"start":{"line":413,"column":6},"end":{"line":415,"column":19}},"289":{"start":{"line":414,"column":8},"end":{"line":414,"column":49}},"290":{"start":{"line":417,"column":4},"end":{"line":419,"column":5}},"291":{"start":{"line":418,"column":6},"end":{"line":418,"column":19}},"292":{"start":{"line":420,"column":4},"end":{"line":420,"column":26}},"293":{"start":{"line":421,"column":4},"end":{"line":426,"column":5}},"294":{"start":{"line":422,"column":6},"end":{"line":422,"column":31}},"295":{"start":{"line":423,"column":11},"end":{"line":426,"column":5}},"296":{"start":{"line":424,"column":6},"end":{"line":424,"column":27}},"297":{"start":{"line":425,"column":6},"end":{"line":425,"column":32}},"298":{"start":{"line":427,"column":4},"end":{"line":427,"column":92}},"299":{"start":{"line":428,"column":4},"end":{"line":475,"column":5}},"300":{"start":{"line":429,"column":6},"end":{"line":435,"column":7}},"301":{"start":{"line":430,"column":8},"end":{"line":434,"column":9}},"302":{"start":{"line":431,"column":10},"end":{"line":431,"column":36}},"303":{"start":{"line":432,"column":10},"end":{"line":432,"column":44}},"304":{"start":{"line":433,"column":10},"end":{"line":433,"column":19}},"305":{"start":{"line":436,"column":6},"end":{"line":440,"column":7}},"306":{"start":{"line":437,"column":8},"end":{"line":439,"column":9}},"307":{"start":{"line":438,"column":10},"end":{"line":438,"column":81}},"308":{"start":{"line":441,"column":6},"end":{"line":441,"column":55}},"309":{"start":{"line":442,"column":6},"end":{"line":442,"column":30}},"310":{"start":{"line":443,"column":6},"end":{"line":443,"column":26}},"311":{"start":{"line":444,"column":6},"end":{"line":451,"column":7}},"312":{"start":{"line":445,"column":8},"end":{"line":445,"column":43}},"313":{"start":{"line":446,"column":8},"end":{"line":446,"column":42}},"314":{"start":{"line":447,"column":8},"end":{"line":450,"column":9}},"315":{"start":{"line":448,"column":10},"end":{"line":448,"column":32}},"316":{"start":{"line":449,"column":10},"end":{"line":449,"column":31}},"317":{"start":{"line":452,"column":6},"end":{"line":458,"column":7}},"318":{"start":{"line":453,"column":8},"end":{"line":453,"column":33}},"319":{"
[...]
his.options.delimiter)));","    }","    if (!this._.commenting && ((ref2 = this._.line) != null ? ref2.length : void 0) > this.options.max_limit_on_data_read) {","      throw Error(\"Row delimiter not found in the file \" + (JSON.stringify(this.options.rowDelimiter)));","    }","  }","  if (end) {","    if (this._.field != null) {","      if (rtrim) {","        if (!this._.closingQuote) {","          this._.field = (ref3 = this._.field) != null ? ref3.trimRight() : void 0;","        }","      }","      this._.line.push(auto_parse(this._.field || ''));","      this._.field = null;","    }","    if (((ref4 = this._.field) != null ? ref4.length : void 0) > this.options.max_limit_on_data_read) {","      throw Error(\"Delimiter not found in the file \" + (JSON.stringify(this.options.delimiter)));","    }","    if (l === 0) {","      this.lines++;","    }","    if (this._.line.length > this.options.max_limit_on_data_read) {","      throw Error(\"Row delimiter not found in the file \" + (JSON.stringify(this.options.rowDelimiter)));","    }","  }","  this._.buf = '';","  results = [];","  while (i < l) {","    this._.buf += chars.charAt(i);","    results.push(i++);","  }","  return results;","};",""],"l":{"2":1,"4":1,"6":1,"8":1,"10":1,"11":2,"12":2,"13":0,"14":0,"15":0,"16":0,"17":0,"19":0,"20":0,"22":2,"23":2,"24":0,"26":2,"28":2,"29":2,"31":0,"33":0,"34":0,"35":0,"37":0,"40":2,"41":0,"43":2,"44":2,"45":0,"46":0,"47":0,"50":2,"51":2,"52":2,"53":2,"54":7,"55":7,"56":7,"57":5,"58":0,"60":5,"63":7,"65":2,"66":0,"67":0,"69":2,"70":2,"71":2,"75":2,"78":1,"79":2,"80":2,"81":0,"83":2,"84":2,"85":2,"86":4,"87":4,"89":2,"90":2,"91":2,"93":2,"94":0,"96":2,"97":1,"99":2,"100":2,"102":2,"103":2,"105":2,"106":1,"108":2,"109":2,"111":2,"112":2,"114":2,"115":2,"117":2,"118":2,"120":2,"121":2,"123":2,"124":2,"126":2,"127":2,"129":2,"130":2,"132":2,"133":2,"135":2,"136":2,"138":2,"139":2,"141":2,"142":2,"144":2,"145":2,"146":2,"147":2,"148":2,"149":2,"150":0,"152":2,"153":2,"154":2,"155":2,"156":2,"157":2,"158":2,"159":2,"160":2,"161":2,"162":2,"163":2,"164":0,"165":0,"168":2,"171":1,"173":1,"175":1,"176":2,"177":2,"178":2,"180":2,"181":2,"182":2,"184":0,"185":0,"189":1,"190":2,"191":2,"192":2,"193":2,"194":0,"195":0,"197":2,"198":1,"200":2,"202":0,"203":0,"207":1,"208":6,"209":6,"210":0,"212":6,"213":6,"214":1,"215":1,"216":1,"217":5,"218":0,"219":0,"220":0,"222":5,"223":2,"225":5,"226":0,"227":5,"228":0,"229":0,"230":0,"231":0,"233":0,"236":5,"238":5,"239":2,"240":2,"241":6,"242":6,"243":0,"245":6,"247":2,"248":0,"250":2,"253":3,"255":5,"256":0,"258":5,"259":0,"261":5,"262":0,"266":0,"268":5,"272":1,"273":4,"274":4,"275":4,"276":0,"277":0,"279":0,"283":4,"284":4,"285":0,"286":0,"288":0,"292":4,"293":4,"294":15,"295":15,"296":15,"298":0,"299":0,"300":0,"301":0,"302":0,"303":0,"304":0,"305":0,"308":0,"311":4,"312":4,"313":4,"314":4,"315":4,"316":4,"317":0,"319":4,"320":68,"321":68,"322":68,"323":0,"325":0,"326":0,"329":0,"332":68,"333":68,"334":68,"335":0,"337":68,"338":18,"339":18,"340":18,"341":0,"342":0,"343":18,"344":2,"345":2,"346":2,"347":0,"350":18,"351":2,"352":0,"354":2,"355":2,"358":68,"359":0,"360":0,"361":0,"362":0,"363":0,"364":0,"365":0,"366":0,"367":0,"369":0,"370":0,"371":0,"373":0,"374":0,"377":68,"378":0,"379":0,"380":0,"382":0,"383":0,"384":0,"385":0,"386":0,"387":0,"389":0,"392":0,"393":0,"394":0,"395":0,"396":0,"397":0,"399":0,"401":0,"402":0,"403":0,"404":0,"405":0,"406":0,"409":68,"410":52,"412":68,"413":5,"414":5,"417":68,"418":5,"420":68,"421":68,"422":0,"423":68,"424":0,"425":0,"427":68,"428":68,"429":14,"430":0,"431":0,"432":0,"433":0,"436":14,"437":0,"438":0,"441":14,"442":14,"443":14,"444":14,"445":9,"446":9,"447":9,"448":0,"449":0,"452":14,"453":5,"454":5,"455":5,"456":5,"457":5,"459":54,"460":0,"461":0,"463":0,"464":0,"466":0,"467":54,"468":54,"469":15,"471":54,"472":54,"474":0,"476":63,"477":0,"479":63,"480":0,"483":4,"484":2,"485":1,"486":0,"487":0,"490":1,"491":1,"493":2,"494":0,"496":2,"497":2,"499":2,"500":0,"503":4,"504":4,"505":4,"506":0,"507":0,"509":4}},"/home/travis/build/npmtest/node-npmtest-csv-parse/node_modules/csv-parse/lib/sync.js":{"path":"/home/travis/build/npmtest/node-npmtest-csv-parse/node_modules/csv-parse/lib/sync.js","s":{"1":1,"2":1,"3":1,"4":1,"5":0,"6":0,"7":0,"8":0,"9":0,"10":0,"11":0,"12":0,"13":0,"14":0,"15":0,"16":0,"17":0,"18":0,"19":0,"20":0,"21":0},"b":{"1":[0,0],"2":[0,0],"3":[0,0],"4":[0,0],"5":[0,0]},"f":{"1":0,"2":0,"3":0},"fnMap":{"1":{"name":"(anonymous_1)","line":8,"loc":{"start":{"line":8,"column":17},"end":{"line":8,"column":41}}},"2":{"name":"(anonymous_2)","line":19,"loc":{"start":{"line":19,"column":16},"end":{"line":19,"column":33}}},"3":{"name":"(anonymous_3)","line":30,"loc":{"start":{"line":30,"column":17},"end":{"line":30,"column":28}}}},"statementMap":{"1":{"start":{"line":2,"column":0},"end":{"line":2,"column":25}},"2":{"start":{"line":4,"column":0},"end":{"line":4,"column":56}},"3":{"start":{"line":6,"column":0},"end":{"line":6,"column":27}},"4":{"start":{"line":8,"column":0},"end":{"line":32,"column":2}},"5":{"start":{"line":9,"column":2},"end":{"line":9,"column":31}},"6":{"start":{"line":10,"column":2},"end":{"line":12,"column":3}},"7":{"start":{"line":11,"column":4},"end":{"line":11,"column":17}},"8":{"start":{"line":13,"column":2},"end":{"line":13,"column":38}},"9":{"start":{"line":14,"column":2},"end":{"line":17,"column":3}},"10":{"start":{"line":15,"column":4},"end":{"line":15,"column":34}},"11":{"start":{"line":16,"column":4},"end":{"line":16,"column":31}},"12":{"start":{"line":18,"column":2},"end":{"line":18,"column":37}},"13":{"start":{"line":19,"column":2},"end":{"line":25,"column":4}},"14":{"start":{"line":20,"column":4},"end":{"line":24,"column":5}},"15":{"start":{"line":21,"column":6},"end":{"line":21,"column":44}},"16":{"start":{"line":23,"column":6},"end":{"line":23,"column":34}},"17":{"start":{"line":26,"column":2},"end":{"line":26,"column":30}},"18":{"start":{"line":27,"column":2},"end":{"line":29,"column":3}},"19":{"start":{"line":28,"column":4},"end":{"line":28,"column":37}},"20":{"start":{"line":30,"column":2},"end":{"line":30,"column":33}},"21":{"start":{"line":31,"column":2},"end":{"line":31,"column":17}}},"branchMap":{"1":{"line":10,"type":"if","locations":[{"start":{"line":10,"column":2},"end":{"line":10,"column":2}},{"start":{"line":10,"column":2},"end":{"line":10,"column":2}}]},"2":{"line":13,"type":"cond-expr","locations":[{"start":{"line":13,"column":30},"end":{"line":13,"column":32}},{"start":{"line":13,"column":35},"end":{"line":13,"column":37}}]},"3":{"line":14,"type":"if","locations":[{"start":{"line":14,"column":2},"end":{"line":14,"column":2}},{"start":{"line":14,"column":2},"end":{"line":14,"column":2}}]},"4":{"line":20,"type":"if","locations":[{"start":{"line":20,"column":4},"end":{"line":20,"column":4}},{"start":{"line":20,"column":4},"end":{"line":20,"column":4}}]},"5":{"line":27,"type":"if","locations":[{"start":{"line":27,"column":2},"end":{"line":27,"column":2}},{"start":{"line":27,"column":2},"end":{"line":27,"column":2}}]}},"code":["// Generated by CoffeeScript 1.10.0","var StringDecoder, parse;","","StringDecoder = require('string_decoder').StringDecoder;","","parse = require('./index');","","module.exports = function(data, options) {","  var decoder, parser, records;","  if (options == null) {","    options = {};","  }","  records = options.objname ? {} : [];","  if (data instanceof Buffer) {","    decoder = new StringDecoder();","    data = decoder.write(data);","  }","  parser = new parse.Parser(options);","  parser.push = function(record) {","    if (options.objname) {","      return records[record[0]] = record[1];","    } else {","      return records.push(record);","    }","  };","  parser.__write(data, false);","  if (data instanceof Buffer) {","    parser.__write(data.end(), true);","  }","  parser._flush((function() {}));","  return records;","};",""],"l":{"2":1,"4":1,"6":1,"8":1,"9":0,"10":0,"11":0,"13":0,"14":0,"15":0,"16":0,"18":0,"19":0,"20":0,"21":0,"23":0,"26":0,"27":0,"28":0,"30":0,"31":0}},"/home/travis/build/npmtest/node-npmtest-csv-parse/node_modules/csv-parse/samples/callback.js":{"path":"/home/travis/build/npmtest/node-npmtest-csv-parse/node_modules/csv-parse/samples/callback.js","s":{"1":2,"2":2,"3":0,"4":0,"5":0},"b":{},"f":{"1":0},"fnMap":{"1":{"name":"(anonymous_1)","line":9,"loc":{"start":{"line":9,"column":29},"end":{"line":9,"column":50}}}},"statementMap":{"1":{"start":{"line":5,"column":0},"end":{"line":5,"column":30}},"2":{"start":{"line":6,"column":0},"end":{"line":6,"column":18}},"3":{"start":{"line":8,"column":0},"end":{"line":8,"column":57}},"4":{"start":{"line":9,"column":0},"end":{"line":11,"column":3}},"5":{"start":{"line":10,"column":2},"end":{"line":10,"column":72}}},"branchMap":{},"code":["","// The package \"should\" must be installed:   ","// `npm install should`","","var parse = require('../lib');","require('should');","","var input = '#Welcome\\n\"1\",\"2\",\"3\",\"4\"\\n\"a\",\"b\",\"c\",\"d\"';","parse(input, {comment: '#'}, function(err, output){","  output.should.eql([ [ '1', '2', '3', '4' ], [ 'a', 'b', 'c', 'd' ] ]);","});",""],"l":{"5":2,"6":2,"8":0,"9":0,"10":0}},"/home/travis/build/npmtest/node-npmtest-csv-parse/node_modules/csv-parse/samples/columns-discovery.js":{"path":"/home/travis/build/npmtest/node-npmtest-csv-parse/node_modules/csv-parse/samples/columns-discovery.js","s":{"1":1,"2":1,"3":1,"4":1,"5":1,"6":1},"b":{},"f":{"1":1},"fnMap":{"1":{"name":"(anonymous_1)","line":10,"loc":{"start":{"line":10,"column":32},"end":{"line":10,"column":51}}}},"statementMap":{"1":{"start":{"line":5,"column":0},"end":{"line":5,"column":19}},"2":{"start":{"line":6,"column":0},"end":{"line":6,"column":22}},"3":{"start":{"line":9,"column":0},"end":{"line":9,"column":60}},"4":{"start":{"line":10,"column":0},"end":{"line":12,"column":2}},"5":{"start":{"line":11,"column":2},"end":{"line":11,"column":20}},"6":{"start":{"line":13,"column":0},"end":{"line":13,"column":16}}},"branchMap":{},"code":["","// The package \"should\" must be installed:   ","// `npm install should`","","fs = require('fs');","parse = require('..');","","// Using the first line of the CSV data to discover the column names","rs = fs.createReadStream(__dirname+'/columns-discovery.in');","parser = parse({columns: true}, function(err, data){","  console.log(data);","})","rs.pipe(parser);","","/*","","`node samples/header-based-columns.js`","","[ { Foo: 'first', Bar: 'row', Baz: 'items' },","  { Foo: 'second', Bar: 'row', Baz: 'items' } ]","","*/"],"l":{"5":1,"6":1,"9":1,"10":1,"11":1,"13":1}},"/home/travis/build/npmtest/node-npmtest-csv-parse/node_modules/csv-parse/samples/comment.js":{"path":"/home/travis/build/npmtest/node-npmtest-csv-parse/node_modules/csv-parse/samples/comment.js","s":{"1":2,"2":2,"3":0,"4":0},"b":{},"f":{"1":0},"fnMap":{"1":{"name":"(anonymous_1)","line":11,"loc":{"start":{"line":11,"column":2},"end":{"line":11,"column":21}}}},"statementMap":{"1":{"start":{"line":5,"column":0},"end":{"line":5,"column":26}},"2":{"start":{"line":6,"column":0},"end":{"line":6,"column":26}},"3":{"start":{"line":8,"column":0},"end":{"line":14,"column":2}},"4":{"start":{"line":12,"column":4},"end":{"line":12,"column":72}}},"branchMap":{},"code":["","// The package \"should\" must be installed:   ","// `npm install should`","","var parse = require('..');","should = require('should')","","parse(","  '#Welcome\\n\"1\",\"2\",\"3\",\"4\"\\n\"a\",\"b\",\"c\",\"d\"',","  {comment: '#'},","  function(err, data){","    data.should.eql([ [ '1', '2', '3', '4' ], [ 'a', 'b', 'c', 'd' ] ]);","  }",");","",""],"l":{"5":2,"6":2,"8":0,"12":0}},"/home/travis/build/npmtest/node-npmtest-csv-parse/node_modules/csv-parse/samples/fs_read.js":{"path":"/home/travis/build/npmtest/node-npmtest-csv-parse/node_modules/csv-parse/samples/fs_read.js","s":{"1":1,"2":1,"3":1,"4":1,"5":1},"b":{},"f":{"1":1},"fnMap":{"1":{"name":"(anonymous_1)","line":5,"loc":{"start":{"line":5,"column":37},"end":{"line":5,"column":56}}}},"statementMap":{"1":{"start":{"line":2,"column":0},"end":{"line":2,"column":23}},"2":{"start":{"line":3,"column":0},"end":{"line":3,"column":26}},"3":{"start":{"line":5,"column":0},"end":{"line":7,"column":3}},"4":{"start":{"line":6,"column":2},"end":{"line":6,"column":20}},"5":{"start":{"line":9,"column":0},"end":{"line":9,"column":59}}},"branchMap":{},"code":["","var fs = require('fs');","var parse = require('..');","","var parser = parse({delimiter: ';'}, function(err, data){","  console.log(data);","});","","fs.createReadStream(__dirname+'/fs_read.csv').pipe(parser);",""],"l":{"2":1,"3":1,"5":1,"6":1,"9":1}},"/home/travis/build/npmtest/node-npmtest-csv-parse/node_modules/csv-parse/samples/objname.js":{"path":"/home/travis/build/npmtest/node-npmtest-csv-parse/node_modules/csv-parse/samples/objname.js","s":{"1":2,"2":2,"3":0,"4":0,"5":0,"6":0},"b":{"1":[0,0]},"f":{"1":0},"fnMap":{"1":{"name":"(anonymous_1)","line":11,"loc":{"start":{"line":11,"column":2},"end":{"line":11,"column":21}}}},"statementMap":{"1":{"start":{"line":5,"column":0},"end":{"line":5,"column":26}},"2":{"start":{"line":6,"column":0},"end":{"line":6,"column":18}},"3":{"start":{"line":8,"column":0},"end":{"line":18,"column":2}},"4":{"start":{"line":12,"column":4},"end":{"line":12,"column":22}},"5":{"start":{"line":12,"column":12},"end":{"line":12,"column":22}},"6":{"start":{"line":13,"column":4},"end":{"line":16,"column":7}}},"branchMap":{"1":{"line":12,"type":"if","locations":[{"start":{"line":12,"column":4},"end":{"line":12,"column":4}},{"start":{"line":12,"column":4},"end":{"line":12,"column":4}}]}},"code":["","// The package \"should\" must be installed:   ","// `npm install should`","","var parse = require('..');","require('should');","","parse(","  'ColumnOne,ColumnTwo\\nfirst,Data\\nsecond,MoreData',","  {'columns':true, 'objname': \"ColumnOne\"},","  function(err, data){","    if(err) throw err;","    data.should.eql({","      first: { ColumnOne: 'first', ColumnTwo: 'Data' },","      second: { ColumnOne: 'second', ColumnTwo: 'MoreData' } ","    });","  }",");",""],"l":{"5":2,"6":2,"8":0,"12":0,"13":0}},"/home/travis/build/npmtest/node-npmtest-csv-parse/node_modules/csv-parse/samples/pipe.js":{"path":"/home/travis/build/npmtest/node-npmtest-csv-parse/node_modules/csv-parse/samples/pipe.js","s":{"1":2,"2":2,"3":2,"4":0,"5":0,"6":0,"7":0,"8":0,"9":0},"b":{},"f":{"1":0,"2":0},"fnMap":{"1":{"name":"(anonymous_1)","line":11,"loc":{"start":{"line":11,"column":28},"end":{"line":11,"column":54}}},"2":{"name":"(anonymous_2)","line":12,"loc":{"start":{"line":12,"column":13},"end":{"line":12,"column":23}}}},"statementMap":{"1":{"start":{"line":5,"column":0},"end":{"line":5,"column":23}},"2":{"start":{"line":6,"column":0},"end":{"line":6,"column":26}},"3":{"start":{"line":7,"column":0},"end":{"line":7,"column":44}},"4":{"start":{"line":9,"column":0},"end":{"line":9,"column":36}},"5":{"start":{"line":10,"column":0},"end":{"line":10,"column":47}},"6":{"start":{"line":11,"column":0},"end":{"line":15,"column":19}},"7":{"start":{"line":12,"column":2},"end":{"line":14,"column":10}},"8":{"start":{"line":13,"column":4},"end":{"line":13,"column":42}},"9":{"start":{"line":16,"column":0},"end":{"line":16,"column":58}}},"branchMap":{},"code":["","// The package \"stream-transform\" must be installed:   ","// `npm install stream-transform`","","var fs = require('fs');","var parse = require('..');","var transform = require('stream-transform');","","var parser = parse({delimiter: ':'})","var input = fs.createReadStream('/etc/passwd');","var transformer = transform(function(record, callback){","  setTimeout(function(){","    callback(null, record.join(' ')+'\\n');","  }, 500);","}, {parallel: 10});","input.pipe(parser).pipe(transformer).pipe(process.stdout);","",""],"l":{"5":2,"6":2,"7":2,"9":0,"10":0,"11":0,"12":0,"13":0,"16":0}},"/home/travis/build/npmtest/node-npmtest-csv-parse/node_modules/csv-parse/samples/stream.js":{"path":"/home/travis/build/npmtest/node-npmtest-csv-parse/node_modules/csv-parse/samples/stream.js","s":{"1":2,"2":2,"3":0,"4":0,"5":0,"6":0,"7":0,"8":0,"9":0,"10":0,"11":0,"12":0,"13":0,"14":0,"15":0},"b":{},"f":{"1":0,"2":0,"3":0},"fnMap":{"1":{"name":"(anonymous_1)","line":12,"loc":{"start":{"line":12,"column":22},"end":{"line":12,"column":32}}},"2":{"name":"(anonymous_2)","line":19,"loc":{"start":{"line":19,"column":19},"end":{"line":19,"column":32}}},"3":{"name":"(anonymous_3)","line":23,"loc":{"start":{"line":23,"column":20},"end":{"line":23,"column":30}}}},"statementMap":{"1":{"start":{"line":5,"column":0},"end":{"line":5,"column":30}},"2":{"start":{"line":6,"column":0},"end":{"line":6,"column":18}},"3":{"start":{"line":8,"column":0},"end":{"line":8,"column":16}},"4":{"start":{"line":10,"column":0},"end":{"line":10,"column":37}},"5":{"start":{"line":12,"column":0},"end":{"line":17,"column":3}},"6":{"start":{"line":13,"column":2},"end":{"line":13,"column":13}},"7":{"start":{"line":14,"column":2},"end":{"line":16,"column":3}},"8":{"start":{"line":15,"column":4},"end":{"line":15,"column":24}},"9":{"start":{"line":19,"column":0},"end":{"line":21,"column":3}},"10":{"start":{"line":20,"column":2},"end":{"line":20,"column":27}},"11":{"start":{"line":23,"column":0},"end":{"line":28,"column":3}},"12":{"start":{"line":24,"column":2},"end":{"line":27,"column":5}},"13":{"start":{"line":30,"column":0},"end":{"line":30,"column":50}},"14":{"start":{"line":31,"column":0},"end":{"line":31,"column":74}},"15":{"start":{"line":33,"column":0},"end":{"line":33,"column":13}}},"branchMap":{},"code":["","// The package \"should\" must be installed:   ","// `npm install should`","","var parse = require('../lib');","require('should');","","var output = [];","// Create the parser","var parser = parse({delimiter: ':'});","// Use the writable stream api","parser.on('readable', function(){","  var record;","  while (record = parser.read()) {","    output.push(record);","  }","});","// Catch any error","parser.on('error', function(err){","  console.log(err.message);","});","// When we are done, test that the parsed output matched what expected","parser.on('finish', function(){","  output.should.eql([","    [ 'root','x','0','0','root','/root','/bin/bash' ],","    [ 'someone','x','1022','1022','a funny cat','/home/someone','/bin/bash' ]","  ]);","});","// Now that setup is done, write data to the stream","parser.write(\"root:x:0:0:root:/root:/bin/bash\\n\");","parser.write(\"someone:x:1022:1022:a funny cat:/home/someone:/bin/bash\\n\");","// Close the readable stream","parser.end();","",""],"l":{"5":2,"6":2,"8":0,"10":0,"12":0,"13":0,"14":0,"15":0,"19":0,"20":0,"23":0,"24":0,"30":0,"31":0,"33":0}},"/home/travis/build/npmtest/node-npmtest-csv-parse/node_modules/csv-parse/samples/tsv.js":{"path":"/home/travis/build/npmtest/node-npmtest-csv-parse/node_modules/csv-parse/samples/tsv.js","s":{"1":2,"2":2,"3":0,"4":0,"5":0,"6":0},"b":{"1":[0,0]},"f":{"1":0},"fnMap":{"1":{"name":"(anonymous_1)","line":8,"loc":{"start":{"line":8,"column":42},"end":{"line":8,"column":61}}}},"statementMap":{"1":{"start":{"line":5,"column":0},"end":{"line":5,"column":22}},"2":{"start":{"line":6,"column":0},"end":{"line":6,"column":27}},"3":{"start":{"line":8,"column":0},"end":{"line":11,"column":3}},"4":{"start":{"line":9,"column":2},"end":{"line":9,"column":20}},"5":{"start":{"line":9,"column":10},"end":{"line":9,"column":20}},"6":{"start":{"line":10,"column":2},"end":{"line":10,"column":60}}},"branchMap":{"1":{"line":9,"type":"if","locations":[{"start":{"line":9,"column":2},"end":{"line":9,"column":2}},{"start":{"line":9,"column":2},"end":{"line":9,"column":2}}]}},"code":["","// The package \"should\" must be installed:   ","// `npm install should`","","parse = require('..');","should = require('should');","","parse( \"1\t2\t3\\ra\tb\tc\", {delimiter: '\\t'}, function(err, data){","  if(err) throw err;","  data.should.eql([ [ '1', '2', '3' ], [ 'a', 'b', 'c' ] ]);","});",""],"l":{"5":2,"6":2,"8":0,"9":0,"10":0}}}